<?xml version="1.0" encoding="utf-8"?>
<CoverageSession xmlns:xsd="http://www.w3.org/2001/XMLSchema" xmlns:xsi="http://www.w3.org/2001/XMLSchema-instance" Version="4.7.1221.0">
  <Summary numSequencePoints="0" visitedSequencePoints="0" numBranchPoints="0" visitedBranchPoints="0" sequenceCoverage="0" branchCoverage="0" maxCyclomaticComplexity="0" minCyclomaticComplexity="0" maxCrapScore="0" minCrapScore="0" visitedClasses="0" numClasses="0" visitedMethods="0" numMethods="0" />
  <Modules>
    <Module skippedDueTo="Filter" hash="97-17-2A-F4-47-7C-AC-C7-15-01-E7-AD-8A-7B-1C-23-AA-52-92-EE">
      <ModulePath>C:\Program Files\dotnet\shared\Microsoft.NETCore.App\7.0.3\System.Private.CoreLib.dll</ModulePath>
      <ModuleTime>2023-01-20T18:13:14Z</ModuleTime>
      <ModuleName>System.Private.CoreLib</ModuleName>
      <Classes />
    </Module>
    <Module skippedDueTo="Filter" hash="99-67-2E-8D-F8-CD-FC-0F-E4-55-B3-85-CE-69-75-2B-5D-84-8F-6E">
      <ModulePath>C:\Program Files\dotnet\sdk\7.0.201\dotnet.dll</ModulePath>
      <ModuleTime>2023-02-17T16:50:52Z</ModuleTime>
      <ModuleName>dotnet</ModuleName>
      <Classes />
    </Module>
    <Module skippedDueTo="Filter" hash="F7-05-CB-25-47-66-84-04-3E-53-E2-18-CF-F3-8D-25-C2-A3-94-85">
      <ModulePath>C:\Program Files\dotnet\shared\Microsoft.NETCore.App\7.0.3\System.Runtime.dll</ModulePath>
      <ModuleTime>2023-01-20T18:11:02Z</ModuleTime>
      <ModuleName>System.Runtime</ModuleName>
      <Classes />
    </Module>
    <Module skippedDueTo="Filter" hash="58-95-A6-81-14-32-2C-8D-2B-66-BA-3D-64-10-6D-D6-BF-D6-12-D1">
      <ModulePath>C:\Program Files\dotnet\shared\Microsoft.NETCore.App\7.0.3\System.Diagnostics.Tracing.dll</ModulePath>
      <ModuleTime>2023-01-20T18:10:58Z</ModuleTime>
      <ModuleName>System.Diagnostics.Tracing</ModuleName>
      <Classes />
    </Module>
    <Module skippedDueTo="Filter" hash="6C-CA-73-43-CA-87-9F-A8-E8-A0-DD-30-86-B8-E4-9E-1F-34-34-3E">
      <ModulePath>C:\Program Files\dotnet\shared\Microsoft.NETCore.App\7.0.3\System.Diagnostics.Process.dll</ModulePath>
      <ModuleTime>2023-01-20T18:13:18Z</ModuleTime>
      <ModuleName>System.Diagnostics.Process</ModuleName>
      <Classes />
    </Module>
    <Module skippedDueTo="Filter" hash="53-4D-05-49-FA-4D-D9-3D-A4-ED-F6-B0-9A-0E-4F-E6-44-88-CF-D6">
      <ModulePath>C:\Program Files\dotnet\shared\Microsoft.NETCore.App\7.0.3\System.ComponentModel.Primitives.dll</ModulePath>
      <ModuleTime>2023-01-20T18:13:42Z</ModuleTime>
      <ModuleName>System.ComponentModel.Primitives</ModuleName>
      <Classes />
    </Module>
    <Module skippedDueTo="Filter" hash="6D-DC-B8-D3-96-D7-97-C5-FB-1D-41-4E-69-AC-60-E1-FF-06-F3-08">
      <ModulePath>C:\Program Files\dotnet\sdk\7.0.201\Microsoft.DotNet.Cli.Utils.dll</ModulePath>
      <ModuleTime>2023-02-17T16:51:10Z</ModuleTime>
      <ModuleName>Microsoft.DotNet.Cli.Utils</ModuleName>
      <Classes />
    </Module>
    <Module skippedDueTo="Filter" hash="69-6F-9A-37-0D-54-84-E1-89-29-AE-F6-E2-85-2C-9A-16-48-BD-6B">
      <ModulePath>C:\Program Files\dotnet\shared\Microsoft.NETCore.App\7.0.3\System.Threading.dll</ModulePath>
      <ModuleTime>2023-01-20T18:13:16Z</ModuleTime>
      <ModuleName>System.Threading</ModuleName>
      <Classes />
    </Module>
    <Module skippedDueTo="Filter" hash="67-52-57-7D-0D-06-15-77-07-47-DA-C8-11-34-02-AD-C7-CF-0B-11">
      <ModulePath>C:\Program Files\dotnet\sdk\7.0.201\System.CommandLine.dll</ModulePath>
      <ModuleTime>2023-02-17T16:50:50Z</ModuleTime>
      <ModuleName>System.CommandLine</ModuleName>
      <Classes />
    </Module>
    <Module skippedDueTo="Filter" hash="B3-50-DD-3C-06-96-6B-EA-35-D5-4E-D6-D7-CE-C1-01-4B-6D-6A-44">
      <ModulePath>C:\Program Files\dotnet\sdk\7.0.201\Microsoft.DotNet.InternalAbstractions.dll</ModulePath>
      <ModuleTime>2023-02-17T16:50:58Z</ModuleTime>
      <ModuleName>Microsoft.DotNet.InternalAbstractions</ModuleName>
      <Classes />
    </Module>
    <Module skippedDueTo="Filter" hash="7D-53-A6-FB-54-94-EC-86-87-40-F5-B6-E5-68-85-87-7F-3A-6E-1C">
      <ModulePath>C:\Program Files\dotnet\shared\Microsoft.NETCore.App\7.0.3\netstandard.dll</ModulePath>
      <ModuleTime>2023-01-20T18:10:36Z</ModuleTime>
      <ModuleName>netstandard</ModuleName>
      <Classes />
    </Module>
    <Module skippedDueTo="Filter" hash="57-3A-17-16-EE-C6-37-8D-DF-DB-56-C8-4B-E1-3C-D6-1A-0E-2A-04">
      <ModulePath>C:\Program Files\dotnet\shared\Microsoft.NETCore.App\7.0.3\System.Console.dll</ModulePath>
      <ModuleTime>2023-01-20T18:13:12Z</ModuleTime>
      <ModuleName>System.Console</ModuleName>
      <Classes />
    </Module>
    <Module skippedDueTo="Filter" hash="5A-28-A7-78-56-68-56-B8-A9-A5-78-EA-7E-72-D3-2B-9E-DF-0C-30">
      <ModulePath>C:\Program Files\dotnet\shared\Microsoft.NETCore.App\7.0.3\System.Runtime.InteropServices.dll</ModulePath>
      <ModuleTime>2023-01-20T18:13:16Z</ModuleTime>
      <ModuleName>System.Runtime.InteropServices</ModuleName>
      <Classes />
    </Module>
    <Module skippedDueTo="Filter" hash="9D-BE-A6-11-97-FB-CB-B9-57-75-FA-FB-9D-20-7D-F0-03-59-50-95">
      <ModulePath>C:\Program Files\dotnet\shared\Microsoft.NETCore.App\7.0.3\Microsoft.Win32.Primitives.dll</ModulePath>
      <ModuleTime>2023-01-20T18:11:00Z</ModuleTime>
      <ModuleName>Microsoft.Win32.Primitives</ModuleName>
      <Classes />
    </Module>
    <Module skippedDueTo="Filter" hash="C0-AA-11-2C-CE-8B-D2-58-24-40-64-4E-AC-AC-CE-CD-94-CA-39-AD">
      <ModulePath>C:\Program Files\dotnet\shared\Microsoft.NETCore.App\7.0.3\System.Text.Encoding.CodePages.dll</ModulePath>
      <ModuleTime>2023-01-20T18:13:16Z</ModuleTime>
      <ModuleName>System.Text.Encoding.CodePages</ModuleName>
      <Classes />
    </Module>
    <Module skippedDueTo="Filter" hash="28-08-35-82-48-8E-5A-FC-ED-B7-29-0D-B6-0E-81-D4-B4-78-3B-13">
      <ModulePath>C:\Program Files\dotnet\shared\Microsoft.NETCore.App\7.0.3\System.Collections.dll</ModulePath>
      <ModuleTime>2023-01-20T18:13:46Z</ModuleTime>
      <ModuleName>System.Collections</ModuleName>
      <Classes />
    </Module>
    <Module skippedDueTo="Filter" hash="F4-AF-00-A3-85-53-BB-AD-1D-59-21-AF-87-00-E1-1F-D5-4C-C3-8B">
      <ModulePath>C:\Program Files\dotnet\sdk\7.0.201\Microsoft.DotNet.Configurer.dll</ModulePath>
      <ModuleTime>2023-02-17T16:50:52Z</ModuleTime>
      <ModuleName>Microsoft.DotNet.Configurer</ModuleName>
      <Classes />
    </Module>
    <Module skippedDueTo="Filter" hash="FF-77-FA-B5-FB-3E-37-C2-F1-B5-A8-40-EE-A1-D1-96-6E-52-E1-19">
      <ModulePath>C:\Program Files\dotnet\sdk\7.0.201\NuGet.Frameworks.dll</ModulePath>
      <ModuleTime>2023-02-17T16:51:06Z</ModuleTime>
      <ModuleName>NuGet.Frameworks</ModuleName>
      <Classes />
    </Module>
    <Module skippedDueTo="Filter" hash="40-46-F0-09-5F-A3-A0-1E-C7-71-D7-49-96-1E-3A-ED-35-6E-FA-F8">
      <ModulePath>C:\Program Files\dotnet\shared\Microsoft.NETCore.App\7.0.3\System.ComponentModel.dll</ModulePath>
      <ModuleTime>2023-01-20T18:13:44Z</ModuleTime>
      <ModuleName>System.ComponentModel</ModuleName>
      <Classes />
    </Module>
    <Module skippedDueTo="Filter" hash="19-41-66-B4-97-78-95-AE-8E-60-B2-B6-37-94-07-48-7A-32-3B-98">
      <ModulePath>C:\Program Files\dotnet\shared\Microsoft.NETCore.App\7.0.3\System.Collections.Concurrent.dll</ModulePath>
      <ModuleTime>2023-01-20T18:13:22Z</ModuleTime>
      <ModuleName>System.Collections.Concurrent</ModuleName>
      <Classes />
    </Module>
    <Module skippedDueTo="Filter" hash="9C-29-98-17-5C-89-E0-19-4F-10-15-6D-64-44-0A-1C-FC-E3-28-22">
      <ModulePath>C:\Program Files\dotnet\shared\Microsoft.NETCore.App\7.0.3\System.Linq.dll</ModulePath>
      <ModuleTime>2023-01-20T18:13:22Z</ModuleTime>
      <ModuleName>System.Linq</ModuleName>
      <Classes />
    </Module>
    <Module skippedDueTo="Filter" hash="6D-5C-69-F3-02-6A-01-C4-4A-79-8D-98-B2-F2-A0-66-77-C6-09-FF">
      <ModulePath>C:\Program Files\dotnet\sdk\7.0.201\Microsoft.TemplateEngine.Cli.dll</ModulePath>
      <ModuleTime>2023-02-17T16:50:52Z</ModuleTime>
      <ModuleName>Microsoft.TemplateEngine.Cli</ModuleName>
      <Classes />
    </Module>
    <Module skippedDueTo="Filter" hash="9D-53-D6-F0-A5-5D-F6-8F-3B-71-C1-D7-B0-93-76-5A-84-4C-0B-04">
      <ModulePath>C:\Program Files\dotnet\sdk\7.0.201\Microsoft.TemplateEngine.Edge.dll</ModulePath>
      <ModuleTime>2023-02-17T16:51:10Z</ModuleTime>
      <ModuleName>Microsoft.TemplateEngine.Edge</ModuleName>
      <Classes />
    </Module>
    <Module skippedDueTo="Filter" hash="DC-58-AB-59-B2-CA-54-C6-A7-3F-6F-D4-19-51-B6-D0-7C-4C-D6-34">
      <ModulePath>C:\Program Files\dotnet\sdk\7.0.201\Microsoft.TemplateEngine.Abstractions.dll</ModulePath>
      <ModuleTime>2023-02-17T16:51:02Z</ModuleTime>
      <ModuleName>Microsoft.TemplateEngine.Abstractions</ModuleName>
      <Classes />
    </Module>
    <Module skippedDueTo="Filter" hash="9E-34-91-5D-BC-7E-0F-52-EC-77-39-51-B0-CA-4B-0A-2F-8A-DE-2B">
      <ModulePath>C:\Program Files\dotnet\sdk\7.0.201\Microsoft.Extensions.Logging.Abstractions.dll</ModulePath>
      <ModuleTime>2023-02-17T16:51:02Z</ModuleTime>
      <ModuleName>Microsoft.Extensions.Logging.Abstractions</ModuleName>
      <Classes />
    </Module>
    <Module skippedDueTo="Filter" hash="2D-9B-9E-E6-EA-39-48-9D-60-2E-8C-53-88-0C-B9-18-DE-11-C3-FE">
      <ModulePath>C:\Program Files\dotnet\sdk\7.0.201\Microsoft.TemplateSearch.Common.dll</ModulePath>
      <ModuleTime>2023-02-17T16:50:50Z</ModuleTime>
      <ModuleName>Microsoft.TemplateSearch.Common</ModuleName>
      <Classes />
    </Module>
    <Module skippedDueTo="Filter" hash="CF-55-F3-9C-0A-2C-97-75-8C-8C-8B-FF-C3-C9-15-1F-0E-E4-F8-77">
      <ModulePath>C:\Program Files\dotnet\shared\Microsoft.NETCore.App\7.0.3\System.Memory.dll</ModulePath>
      <ModuleTime>2023-01-20T18:10:42Z</ModuleTime>
      <ModuleName>System.Memory</ModuleName>
      <Classes />
    </Module>
    <Module skippedDueTo="Filter" hash="C2-04-3C-36-04-90-5A-C7-74-D5-BC-D6-D7-11-F6-D0-72-D8-F3-9C">
      <ModulePath>C:\Program Files\dotnet\shared\Microsoft.NETCore.App\7.0.3\System.Diagnostics.FileVersionInfo.dll</ModulePath>
      <ModuleTime>2023-01-20T18:13:46Z</ModuleTime>
      <ModuleName>System.Diagnostics.FileVersionInfo</ModuleName>
      <Classes />
    </Module>
    <Module skippedDueTo="Filter" hash="9D-8A-11-F6-F9-07-32-CE-3F-0A-70-81-86-A2-15-E5-12-8E-C5-F4">
      <ModulePath>C:\Program Files\dotnet\shared\Microsoft.NETCore.App\7.0.3\System.Runtime.Serialization.Formatters.dll</ModulePath>
      <ModuleTime>2023-01-20T18:13:18Z</ModuleTime>
      <ModuleName>System.Runtime.Serialization.Formatters</ModuleName>
      <Classes />
    </Module>
    <Module skippedDueTo="Filter" hash="8C-0D-3B-67-5F-51-D5-0F-F2-54-3E-96-DB-EA-E5-D4-F2-BB-56-ED">
      <ModulePath>C:\Program Files\dotnet\shared\Microsoft.NETCore.App\7.0.3\System.Text.Encoding.Extensions.dll</ModulePath>
      <ModuleTime>2023-01-20T18:10:32Z</ModuleTime>
      <ModuleName>System.Text.Encoding.Extensions</ModuleName>
      <Classes />
    </Module>
    <Module skippedDueTo="Filter" hash="CB-79-B8-ED-90-EF-41-25-9B-A2-0F-B3-73-34-1F-53-91-9D-52-00">
      <ModulePath>C:\Program Files\dotnet\sdk\7.0.201\NuGet.Common.dll</ModulePath>
      <ModuleTime>2023-02-17T16:51:02Z</ModuleTime>
      <ModuleName>NuGet.Common</ModuleName>
      <Classes />
    </Module>
    <Module skippedDueTo="Filter" hash="72-04-B9-E4-35-B4-85-18-77-D4-CC-96-5C-63-BD-D2-CA-45-E3-18">
      <ModulePath>C:\Program Files\dotnet\sdk\7.0.201\Microsoft.ApplicationInsights.dll</ModulePath>
      <ModuleTime>2023-02-17T16:50:54Z</ModuleTime>
      <ModuleName>Microsoft.ApplicationInsights</ModuleName>
      <Classes />
    </Module>
    <Module skippedDueTo="Filter" hash="09-AE-79-BC-07-04-49-14-75-ED-C3-BA-B7-A2-5F-95-45-5B-BD-8D">
      <ModulePath>C:\Program Files\dotnet\shared\Microsoft.NETCore.App\7.0.3\System.Private.Uri.dll</ModulePath>
      <ModuleTime>2023-01-20T18:13:42Z</ModuleTime>
      <ModuleName>System.Private.Uri</ModuleName>
      <Classes />
    </Module>
    <Module skippedDueTo="Filter" hash="68-DE-CD-7B-40-72-C0-2D-28-62-A1-23-C5-F9-B0-25-44-22-B9-B9">
      <ModulePath>C:\Program Files\dotnet\shared\Microsoft.NETCore.App\7.0.3\System.Security.Cryptography.dll</ModulePath>
      <ModuleTime>2023-01-20T18:11:30Z</ModuleTime>
      <ModuleName>System.Security.Cryptography</ModuleName>
      <Classes />
    </Module>
    <Module skippedDueTo="Filter" hash="66-BF-AD-A6-CC-29-57-6A-46-52-E8-1E-8D-33-98-A1-5C-A4-2C-5F">
      <ModulePath>C:\Program Files\dotnet\shared\Microsoft.NETCore.App\7.0.3\System.Diagnostics.DiagnosticSource.dll</ModulePath>
      <ModuleTime>2023-01-20T18:13:46Z</ModuleTime>
      <ModuleName>System.Diagnostics.DiagnosticSource</ModuleName>
      <Classes />
    </Module>
    <Module skippedDueTo="Filter" hash="4F-2D-11-09-0A-6A-22-87-62-2C-32-59-50-E3-22-75-DA-D9-12-26">
      <ModulePath>C:\Program Files\dotnet\shared\Microsoft.NETCore.App\7.0.3\System.IO.MemoryMappedFiles.dll</ModulePath>
      <ModuleTime>2023-01-20T18:13:14Z</ModuleTime>
      <ModuleName>System.IO.MemoryMappedFiles</ModuleName>
      <Classes />
    </Module>
    <Module skippedDueTo="Filter" hash="5C-63-AA-30-08-D4-16-90-05-9A-16-71-B0-F4-4E-3A-02-68-44-87">
      <ModulePath>C:\Program Files\dotnet\shared\Microsoft.NETCore.App\7.0.3\System.Net.Http.dll</ModulePath>
      <ModuleTime>2023-01-20T18:13:16Z</ModuleTime>
      <ModuleName>System.Net.Http</ModuleName>
      <Classes />
    </Module>
    <Module skippedDueTo="Filter" hash="0B-12-CD-F4-95-54-14-9A-55-E7-83-85-EE-B9-C9-A3-30-B6-09-33">
      <ModulePath>C:\Program Files\dotnet\sdk\7.0.201\Microsoft.Build.Framework.dll</ModulePath>
      <ModuleTime>2023-02-17T16:51:08Z</ModuleTime>
      <ModuleName>Microsoft.Build.Framework</ModuleName>
      <Classes />
    </Module>
    <Module skippedDueTo="Filter" hash="1E-CE-4A-7C-13-30-1C-27-E1-33-25-80-12-66-DA-2C-11-2F-05-00">
      <ModulePath>C:\Program Files\dotnet\shared\Microsoft.NETCore.App\7.0.3\System.Net.Primitives.dll</ModulePath>
      <ModuleTime>2023-01-20T18:13:22Z</ModuleTime>
      <ModuleName>System.Net.Primitives</ModuleName>
      <Classes />
    </Module>
    <Module skippedDueTo="Filter" hash="0C-7D-C4-42-03-43-AF-EA-3C-9C-8C-59-AC-B0-8F-78-62-B4-1F-EF">
      <ModulePath>C:\Program Files\dotnet\shared\Microsoft.NETCore.App\7.0.3\System.Xml.XDocument.dll</ModulePath>
      <ModuleTime>2023-01-20T18:11:00Z</ModuleTime>
      <ModuleName>System.Xml.XDocument</ModuleName>
      <Classes />
    </Module>
    <Module skippedDueTo="Filter" hash="9F-74-57-EB-40-63-49-22-C2-22-69-CC-91-C3-36-8F-8D-F9-23-42">
      <ModulePath>C:\Program Files\dotnet\shared\Microsoft.NETCore.App\7.0.3\System.Private.Xml.Linq.dll</ModulePath>
      <ModuleTime>2023-01-20T18:13:18Z</ModuleTime>
      <ModuleName>System.Private.Xml.Linq</ModuleName>
      <Classes />
    </Module>
    <Module skippedDueTo="Filter" hash="7A-9A-45-AB-C2-D2-5C-49-59-41-8D-94-16-F6-E3-61-20-90-E0-9E">
      <ModulePath>C:\Program Files\dotnet\sdk\7.0.201\Microsoft.DotNet.TemplateLocator.dll</ModulePath>
      <ModuleTime>2023-02-17T16:50:58Z</ModuleTime>
      <ModuleName>Microsoft.DotNet.TemplateLocator</ModuleName>
      <Classes />
    </Module>
    <Module skippedDueTo="Filter" hash="82-DB-CB-AB-BA-5C-E3-37-AB-CA-25-06-A3-B1-F2-4E-C5-DE-7C-7E">
      <ModulePath>C:\Program Files\dotnet\shared\Microsoft.NETCore.App\7.0.3\System.Net.Security.dll</ModulePath>
      <ModuleTime>2023-01-20T18:13:22Z</ModuleTime>
      <ModuleName>System.Net.Security</ModuleName>
      <Classes />
    </Module>
    <Module skippedDueTo="Filter" hash="E9-E5-56-1F-F5-20-4D-FC-BA-4B-46-67-FB-E7-8C-FF-79-5B-2C-38">
      <ModulePath>C:\Program Files\dotnet\shared\Microsoft.NETCore.App\7.0.3\System.Threading.Thread.dll</ModulePath>
      <ModuleTime>2023-01-20T18:10:58Z</ModuleTime>
      <ModuleName>System.Threading.Thread</ModuleName>
      <Classes />
    </Module>
    <Module skippedDueTo="Filter" hash="A6-B5-4F-9A-86-A0-43-45-22-AF-73-53-27-F8-85-40-77-8F-02-BA">
      <ModulePath>C:\Program Files\dotnet\sdk\7.0.201\Microsoft.Deployment.DotNet.Releases.dll</ModulePath>
      <ModuleTime>2023-02-17T16:50:56Z</ModuleTime>
      <ModuleName>Microsoft.Deployment.DotNet.Releases</ModuleName>
      <Classes />
    </Module>
    <Module skippedDueTo="Filter" hash="D3-D1-01-34-66-23-87-CA-3F-22-91-FE-07-C9-3D-D5-79-F9-12-2A">
      <ModulePath>C:\Program Files\dotnet\sdk\7.0.201\MSBuild.dll</ModulePath>
      <ModuleTime>2023-02-17T16:50:58Z</ModuleTime>
      <ModuleName>MSBuild</ModuleName>
      <Classes />
    </Module>
    <Module skippedDueTo="Filter" hash="AC-2E-CE-4C-B0-3D-A6-AF-17-55-68-5B-0A-B7-8E-80-53-E8-C2-12">
      <ModulePath>C:\Program Files\dotnet\shared\Microsoft.NETCore.App\7.0.3\System.Net.Requests.dll</ModulePath>
      <ModuleTime>2023-01-20T18:13:42Z</ModuleTime>
      <ModuleName>System.Net.Requests</ModuleName>
      <Classes />
    </Module>
    <Module skippedDueTo="Filter" hash="E2-3E-BB-82-35-3A-E4-0D-97-9A-79-57-0D-A7-E8-28-57-14-ED-37">
      <ModulePath>C:\Program Files\dotnet\shared\Microsoft.NETCore.App\7.0.3\System.Private.Xml.dll</ModulePath>
      <ModuleTime>2023-01-20T18:13:16Z</ModuleTime>
      <ModuleName>System.Private.Xml</ModuleName>
      <Classes />
    </Module>
    <Module skippedDueTo="Filter" hash="9D-C2-3E-3A-58-9B-96-69-7D-D7-DE-F7-FF-F0-58-BB-EC-C4-60-01">
      <ModulePath>C:\Program Files\dotnet\shared\Microsoft.NETCore.App\7.0.3\System.Net.NetworkInformation.dll</ModulePath>
      <ModuleTime>2023-01-20T18:13:22Z</ModuleTime>
      <ModuleName>System.Net.NetworkInformation</ModuleName>
      <Classes />
    </Module>
    <Module skippedDueTo="Filter" hash="AB-17-56-AE-24-8A-3D-C9-BC-00-DD-50-DB-A4-6D-F3-B0-2D-C8-D1">
      <ModulePath>C:\Program Files\dotnet\sdk\7.0.201\Microsoft.Build.dll</ModulePath>
      <ModuleTime>2023-02-17T16:50:58Z</ModuleTime>
      <ModuleName>Microsoft.Build</ModuleName>
      <Classes />
    </Module>
    <Module skippedDueTo="Filter" hash="A9-37-4F-6A-1E-F0-E6-D3-3E-9A-78-24-73-33-54-2D-6C-8C-15-66">
      <ModulePath>C:\Program Files\dotnet\shared\Microsoft.NETCore.App\7.0.3\System.Xml.ReaderWriter.dll</ModulePath>
      <ModuleTime>2023-01-20T18:10:58Z</ModuleTime>
      <ModuleName>System.Xml.ReaderWriter</ModuleName>
      <Classes />
    </Module>
    <Module skippedDueTo="Filter" hash="50-4B-E6-2D-7E-14-E4-D7-6F-8B-26-CD-5C-1E-24-D1-02-DE-9B-1C">
      <ModulePath>C:\Program Files\dotnet\shared\Microsoft.NETCore.App\7.0.3\System.Text.RegularExpressions.dll</ModulePath>
      <ModuleTime>2023-01-20T18:13:20Z</ModuleTime>
      <ModuleName>System.Text.RegularExpressions</ModuleName>
      <Classes />
    </Module>
    <Module skippedDueTo="Filter" hash="D0-A4-95-ED-0B-9C-4B-94-5C-E8-CE-1C-80-F8-42-FA-A3-EE-CF-72">
      <ModulePath>C:\Program Files\dotnet\shared\Microsoft.NETCore.App\7.0.3\System.Text.Json.dll</ModulePath>
      <ModuleTime>2023-01-20T18:13:20Z</ModuleTime>
      <ModuleName>System.Text.Json</ModuleName>
      <Classes />
    </Module>
    <Module skippedDueTo="Filter" hash="4D-B5-EC-84-9A-0E-BA-BD-9F-A7-C5-68-EA-12-B2-E3-BD-F3-0C-B7">
      <ModulePath>C:\Program Files\dotnet\shared\Microsoft.NETCore.App\7.0.3\Microsoft.Win32.Registry.dll</ModulePath>
      <ModuleTime>2023-01-20T18:13:22Z</ModuleTime>
      <ModuleName>Microsoft.Win32.Registry</ModuleName>
      <Classes />
    </Module>
    <Module skippedDueTo="Filter" hash="94-7D-DF-24-CC-95-3B-67-52-E0-E2-04-A8-0F-30-9C-A5-B7-BE-30">
      <ModulePath>C:\Program Files\dotnet\shared\Microsoft.NETCore.App\7.0.3\System.Numerics.Vectors.dll</ModulePath>
      <ModuleTime>2023-01-20T18:10:34Z</ModuleTime>
      <ModuleName>System.Numerics.Vectors</ModuleName>
      <Classes />
    </Module>
    <Module skippedDueTo="Filter" hash="C0-BA-8D-1C-8A-CF-90-F4-D6-02-30-03-81-E8-44-12-6D-05-7F-6B">
      <ModulePath>C:\Program Files\dotnet\shared\Microsoft.NETCore.App\7.0.3\System.Net.NameResolution.dll</ModulePath>
      <ModuleTime>2023-01-20T18:13:12Z</ModuleTime>
      <ModuleName>System.Net.NameResolution</ModuleName>
      <Classes />
    </Module>
    <Module skippedDueTo="Filter" hash="BD-58-3B-7B-66-B1-3D-0D-17-4D-B9-D5-96-67-53-B8-39-FA-B9-43">
      <ModulePath>C:\Program Files\dotnet\shared\Microsoft.NETCore.App\7.0.3\System.IO.Compression.dll</ModulePath>
      <ModuleTime>2023-01-20T18:13:18Z</ModuleTime>
      <ModuleName>System.IO.Compression</ModuleName>
      <Classes />
    </Module>
    <Module skippedDueTo="Filter" hash="10-EF-B5-DA-E9-D4-EC-5C-0D-C8-3A-0E-79-BC-69-91-50-8D-F3-41">
      <ModulePath>C:\Program Files\dotnet\shared\Microsoft.NETCore.App\7.0.3\System.Runtime.Loader.dll</ModulePath>
      <ModuleTime>2023-01-20T18:11:00Z</ModuleTime>
      <ModuleName>System.Runtime.Loader</ModuleName>
      <Classes />
    </Module>
    <Module skippedDueTo="Filter" hash="99-67-2E-8D-F8-CD-FC-0F-E4-55-B3-85-CE-69-75-2B-5D-84-8F-6E">
      <ModulePath>C:\Program Files\dotnet\sdk\7.0.201\dotnet.dll</ModulePath>
      <ModuleTime>2023-02-17T16:50:52Z</ModuleTime>
      <ModuleName>dotnet</ModuleName>
      <Classes />
    </Module>
    <Module skippedDueTo="Filter" hash="E1-8D-13-0A-2F-E1-48-F8-59-26-BB-C1-56-D0-4A-75-DE-64-5E-71">
      <ModulePath>C:\Program Files\dotnet\shared\Microsoft.NETCore.App\7.0.3\System.Collections.Immutable.dll</ModulePath>
      <ModuleTime>2023-01-20T18:13:14Z</ModuleTime>
      <ModuleName>System.Collections.Immutable</ModuleName>
      <Classes />
    </Module>
    <Module skippedDueTo="Filter" hash="CC-69-74-9E-53-D9-4E-7D-5D-91-DA-97-C8-8C-4F-A6-DC-E1-B4-BC">
      <ModulePath>C:\Program Files\dotnet\sdk\7.0.201\runtimes\win\lib\net6.0\System.Security.Cryptography.Pkcs.dll</ModulePath>
      <ModuleTime>2023-02-17T16:51:06Z</ModuleTime>
      <ModuleName>System.Security.Cryptography.Pkcs</ModuleName>
      <Classes />
    </Module>
    <Module skippedDueTo="Filter" hash="30-58-49-8D-74-B7-52-0E-74-3C-75-F5-29-B2-E1-A3-78-90-20-7F">
      <ModulePath>C:\Program Files\dotnet\shared\Microsoft.NETCore.App\7.0.3\System.Security.Cryptography.Encoding.dll</ModulePath>
      <ModuleTime>2023-01-20T18:10:34Z</ModuleTime>
      <ModuleName>System.Security.Cryptography.Encoding</ModuleName>
      <Classes />
    </Module>
    <Module skippedDueTo="Filter" hash="90-29-BC-FC-94-07-40-3F-B8-80-B7-BA-8A-96-1C-92-83-8D-13-A2">
      <ModulePath>C:\Program Files\dotnet\shared\Microsoft.NETCore.App\7.0.3\System.Security.Cryptography.X509Certificates.dll</ModulePath>
      <ModuleTime>2023-01-20T18:11:24Z</ModuleTime>
      <ModuleName>System.Security.Cryptography.X509Certificates</ModuleName>
      <Classes />
    </Module>
    <Module skippedDueTo="Filter" hash="CB-9B-1E-EC-58-E7-C7-3B-43-62-9E-58-48-9F-61-57-DF-33-E6-1A">
      <ModulePath>C:\Program Files\dotnet\shared\Microsoft.NETCore.App\7.0.3\System.Collections.NonGeneric.dll</ModulePath>
      <ModuleTime>2023-01-20T18:13:42Z</ModuleTime>
      <ModuleName>System.Collections.NonGeneric</ModuleName>
      <Classes />
    </Module>
    <Module skippedDueTo="Filter" hash="F4-AF-00-A3-85-53-BB-AD-1D-59-21-AF-87-00-E1-1F-D5-4C-C3-8B">
      <ModulePath>C:\Program Files\dotnet\sdk\7.0.201\Microsoft.DotNet.Configurer.dll</ModulePath>
      <ModuleTime>2023-02-17T16:50:52Z</ModuleTime>
      <ModuleName>Microsoft.DotNet.Configurer</ModuleName>
      <Classes />
    </Module>
    <Module skippedDueTo="Filter" hash="08-EC-88-89-8D-C7-8F-AA-A5-C0-FB-4D-8E-07-B1-BB-AA-24-5A-83">
      <ModulePath>C:\Program Files\dotnet\shared\Microsoft.NETCore.App\7.0.3\System.Formats.Asn1.dll</ModulePath>
      <ModuleTime>2023-01-20T18:13:22Z</ModuleTime>
      <ModuleName>System.Formats.Asn1</ModuleName>
      <Classes />
    </Module>
    <Module skippedDueTo="Filter" hash="1E-44-F0-90-C5-2E-EC-52-65-80-79-3F-19-89-F1-86-66-C9-AC-7E">
      <ModulePath>C:\Program Files\dotnet\shared\Microsoft.NETCore.App\7.0.3\System.Runtime.Numerics.dll</ModulePath>
      <ModuleTime>2023-01-20T18:12:34Z</ModuleTime>
      <ModuleName>System.Runtime.Numerics</ModuleName>
      <Classes />
    </Module>
    <Module skippedDueTo="Filter" hash="67-52-57-7D-0D-06-15-77-07-47-DA-C8-11-34-02-AD-C7-CF-0B-11">
      <ModulePath>C:\Program Files\dotnet\sdk\7.0.201\System.CommandLine.dll</ModulePath>
      <ModuleTime>2023-02-17T16:50:50Z</ModuleTime>
      <ModuleName>System.CommandLine</ModuleName>
      <Classes />
    </Module>
    <Module skippedDueTo="Filter" hash="B3-50-DD-3C-06-96-6B-EA-35-D5-4E-D6-D7-CE-C1-01-4B-6D-6A-44">
      <ModulePath>C:\Program Files\dotnet\sdk\7.0.201\Microsoft.DotNet.InternalAbstractions.dll</ModulePath>
      <ModuleTime>2023-02-17T16:50:58Z</ModuleTime>
      <ModuleName>Microsoft.DotNet.InternalAbstractions</ModuleName>
      <Classes />
    </Module>
    <Module skippedDueTo="Filter" hash="6D-DC-B8-D3-96-D7-97-C5-FB-1D-41-4E-69-AC-60-E1-FF-06-F3-08">
      <ModulePath>C:\Program Files\dotnet\sdk\7.0.201\Microsoft.DotNet.Cli.Utils.dll</ModulePath>
      <ModuleTime>2023-02-17T16:51:10Z</ModuleTime>
      <ModuleName>Microsoft.DotNet.Cli.Utils</ModuleName>
      <Classes />
    </Module>
    <Module skippedDueTo="Filter" hash="72-04-B9-E4-35-B4-85-18-77-D4-CC-96-5C-63-BD-D2-CA-45-E3-18">
      <ModulePath>C:\Program Files\dotnet\sdk\7.0.201\Microsoft.ApplicationInsights.dll</ModulePath>
      <ModuleTime>2023-02-17T16:50:54Z</ModuleTime>
      <ModuleName>Microsoft.ApplicationInsights</ModuleName>
      <Classes />
    </Module>
    <Module skippedDueTo="Filter" hash="0C-D9-D5-77-0D-B1-B2-D0-64-69-23-6F-86-85-B3-27-A9-C7-7C-F7">
      <ModulePath>C:\Program Files\dotnet\shared\Microsoft.NETCore.App\7.0.3\System.Net.Quic.dll</ModulePath>
      <ModuleTime>2023-01-20T18:13:44Z</ModuleTime>
      <ModuleName>System.Net.Quic</ModuleName>
      <Classes />
    </Module>
    <Module skippedDueTo="Filter" hash="02-E0-0F-0B-23-05-F2-74-9D-6F-6A-2A-D3-7F-A9-83-CB-0B-5F-19">
      <ModulePath>C:\Program Files\dotnet\sdk\7.0.201\NuGet.Configuration.dll</ModulePath>
      <ModuleTime>2023-02-17T16:50:48Z</ModuleTime>
      <ModuleName>NuGet.Configuration</ModuleName>
      <Classes />
    </Module>
    <Module skippedDueTo="Filter" hash="19-FA-A5-C2-37-9C-A7-D6-83-40-33-80-68-96-B6-4B-EB-07-78-75">
      <ModulePath>C:\Program Files\dotnet\sdk\7.0.201\NuGet.Protocol.dll</ModulePath>
      <ModuleTime>2023-02-17T16:51:34Z</ModuleTime>
      <ModuleName>NuGet.Protocol</ModuleName>
      <Classes />
    </Module>
    <Module skippedDueTo="Filter" hash="5D-1F-C6-E9-F9-87-7E-69-C8-D2-C0-28-99-98-50-C9-FC-0B-D9-C7">
      <ModulePath>C:\Program Files\dotnet\sdk\7.0.201\NuGet.Credentials.dll</ModulePath>
      <ModuleTime>2023-02-17T16:50:52Z</ModuleTime>
      <ModuleName>NuGet.Credentials</ModuleName>
      <Classes />
    </Module>
    <Module skippedDueTo="Filter" hash="C4-69-75-04-66-28-DF-74-44-8B-82-94-BD-C1-32-02-71-22-AA-53">
      <ModulePath>C:\Program Files\dotnet\shared\Microsoft.NETCore.App\7.0.3\System.Diagnostics.TraceSource.dll</ModulePath>
      <ModuleTime>2023-01-20T18:11:50Z</ModuleTime>
      <ModuleName>System.Diagnostics.TraceSource</ModuleName>
      <Classes />
    </Module>
    <Module skippedDueTo="Filter" hash="04-EA-25-FF-68-17-B4-6A-F0-14-ED-72-13-82-90-10-14-81-34-46">
      <ModulePath>C:\Program Files\dotnet\shared\Microsoft.NETCore.App\7.0.3\System.Security.AccessControl.dll</ModulePath>
      <ModuleTime>2023-01-20T18:13:46Z</ModuleTime>
      <ModuleName>System.Security.AccessControl</ModuleName>
      <Classes />
    </Module>
    <Module skippedDueTo="Filter" hash="88-35-81-23-82-22-3B-E0-D1-6B-65-E2-9D-15-81-59-9D-86-69-85">
      <ModulePath>C:\Program Files\dotnet\sdk\7.0.201\runtimes\win\lib\net7.0\System.ServiceProcess.ServiceController.dll</ModulePath>
      <ModuleTime>2023-02-17T16:50:52Z</ModuleTime>
      <ModuleName>System.ServiceProcess.ServiceController</ModuleName>
      <Classes />
    </Module>
    <Module skippedDueTo="Filter" hash="1E-1A-F2-A2-1B-EC-F1-78-75-47-41-33-17-0D-C8-BF-4A-F3-28-11">
      <ModulePath>C:\Program Files\dotnet\shared\Microsoft.NETCore.App\7.0.3\System.Threading.ThreadPool.dll</ModulePath>
      <ModuleTime>2023-01-20T18:11:00Z</ModuleTime>
      <ModuleName>System.Threading.ThreadPool</ModuleName>
      <Classes />
    </Module>
    <Module skippedDueTo="Filter" hash="0A-50-C9-65-8D-75-AD-DF-CB-84-66-05-0B-B4-9B-C9-E8-CF-F9-7B">
      <ModulePath>C:\Program Files\dotnet\sdk\7.0.201\Microsoft.NET.StringTools.dll</ModulePath>
      <ModuleTime>2023-02-17T16:50:46Z</ModuleTime>
      <ModuleName>Microsoft.NET.StringTools</ModuleName>
      <Classes />
    </Module>
    <Module skippedDueTo="Filter" hash="16-4E-0D-4D-A2-6A-1A-60-D7-AF-5C-FB-21-7B-D8-43-82-59-C8-40">
      <ModulePath>C:\Program Files\dotnet\shared\Microsoft.NETCore.App\7.0.3\System.Net.Sockets.dll</ModulePath>
      <ModuleTime>2023-01-20T18:13:12Z</ModuleTime>
      <ModuleName>System.Net.Sockets</ModuleName>
      <Classes />
    </Module>
    <Module skippedDueTo="Filter" hash="E1-2D-64-F1-CA-10-D2-8B-4D-36-41-ED-97-21-FF-62-7C-27-A7-2E">
      <ModulePath>C:\Program Files\dotnet\shared\Microsoft.NETCore.App\7.0.3\System.Security.Principal.Windows.dll</ModulePath>
      <ModuleTime>2023-01-20T18:12:58Z</ModuleTime>
      <ModuleName>System.Security.Principal.Windows</ModuleName>
      <Classes />
    </Module>
    <Module skippedDueTo="Filter" hash="32-A9-DA-7B-88-0C-67-76-E3-B9-26-4F-D8-54-31-6F-DC-3B-66-27">
      <ModulePath>C:\Program Files\dotnet\shared\Microsoft.NETCore.App\7.0.3\System.Security.Claims.dll</ModulePath>
      <ModuleTime>2023-01-20T18:11:30Z</ModuleTime>
      <ModuleName>System.Security.Claims</ModuleName>
      <Classes />
    </Module>
    <Module skippedDueTo="Filter" hash="71-6C-94-F9-63-96-CC-B0-BF-14-F3-DB-59-11-14-9B-4F-80-AC-B4">
      <ModulePath>C:\Program Files\dotnet\shared\Microsoft.NETCore.App\7.0.3\System.Threading.Overlapped.dll</ModulePath>
      <ModuleTime>2023-01-20T18:11:24Z</ModuleTime>
      <ModuleName>System.Threading.Overlapped</ModuleName>
      <Classes />
    </Module>
    <Module skippedDueTo="Filter" hash="95-FF-D0-CF-00-94-EE-DF-D6-92-C6-E2-81-89-44-F3-72-57-0C-4A">
      <ModulePath>C:\Program Files\dotnet\shared\Microsoft.NETCore.App\7.0.3\System.Threading.Tasks.Dataflow.dll</ModulePath>
      <ModuleTime>2023-01-20T18:11:30Z</ModuleTime>
      <ModuleName>System.Threading.Tasks.Dataflow</ModuleName>
      <Classes />
    </Module>
    <Module skippedDueTo="Filter" hash="93-77-E1-AA-C7-AF-4E-D6-83-3A-17-9A-BC-BB-07-D2-9A-53-FB-19">
      <ModulePath>C:\Program Files\dotnet\shared\Microsoft.NETCore.App\7.0.3\System.Reflection.Emit.Lightweight.dll</ModulePath>
      <ModuleTime>2023-01-20T18:10:34Z</ModuleTime>
      <ModuleName>System.Reflection.Emit.Lightweight</ModuleName>
      <Classes />
    </Module>
    <Module skippedDueTo="Filter" hash="07-D0-D9-62-EA-82-C3-5C-CB-C0-36-56-C9-07-33-A9-34-6F-A6-C3">
      <ModulePath>C:\Program Files\dotnet\shared\Microsoft.NETCore.App\7.0.3\System.Reflection.Emit.ILGeneration.dll</ModulePath>
      <ModuleTime>2023-01-20T18:11:24Z</ModuleTime>
      <ModuleName>System.Reflection.Emit.ILGeneration</ModuleName>
      <Classes />
    </Module>
    <Module skippedDueTo="Filter" hash="F1-4E-99-F2-D2-88-C3-36-EF-18-CF-32-5B-0D-65-C0-C7-24-0F-39">
      <ModulePath>C:\Program Files\dotnet\shared\Microsoft.NETCore.App\7.0.3\System.Reflection.Primitives.dll</ModulePath>
      <ModuleTime>2023-01-20T18:10:36Z</ModuleTime>
      <ModuleName>System.Reflection.Primitives</ModuleName>
      <Classes />
    </Module>
    <Module skippedDueTo="Filter" hash="8F-D3-29-2F-6F-5F-CF-15-58-A2-6B-51-6E-41-44-E3-01-85-1D-A7">
      <ModulePath>C:\Program Files\dotnet\shared\Microsoft.NETCore.App\7.0.3\System.Threading.Tasks.Parallel.dll</ModulePath>
      <ModuleTime>2023-01-20T18:12:34Z</ModuleTime>
      <ModuleName>System.Threading.Tasks.Parallel</ModuleName>
      <Classes />
    </Module>
    <Module skippedDueTo="Filter" hash="EB-41-F2-9C-A7-3B-4B-09-88-97-6D-D0-A3-6B-9C-22-30-E0-7A-7B">
      <ModulePath>C:\Program Files\dotnet\sdk\7.0.201\Microsoft.Build.Tasks.Core.dll</ModulePath>
      <ModuleTime>2023-02-17T16:50:56Z</ModuleTime>
      <ModuleName>Microsoft.Build.Tasks.Core</ModuleName>
      <Classes />
    </Module>
    <Module skippedDueTo="Filter" hash="E8-D2-D7-D3-A5-06-35-18-00-C1-AC-20-66-88-1B-69-74-16-DA-EA">
      <ModulePath>C:\Program Files\dotnet\sdk\7.0.201\Microsoft.Build.Utilities.Core.dll</ModulePath>
      <ModuleTime>2023-02-17T16:50:50Z</ModuleTime>
      <ModuleName>Microsoft.Build.Utilities.Core</ModuleName>
      <Classes />
    </Module>
    <Module skippedDueTo="Filter" hash="88-CB-D6-0B-74-52-26-85-8F-98-C3-63-7A-7E-94-D6-A3-4B-0E-42">
      <ModulePath>C:\Program Files\dotnet\sdk\7.0.201\NuGet.Build.Tasks.dll</ModulePath>
      <ModuleTime>2023-02-17T16:50:56Z</ModuleTime>
      <ModuleName>NuGet.Build.Tasks</ModuleName>
      <Classes />
    </Module>
    <Module skippedDueTo="Filter" hash="F9-A8-8E-D2-BA-DC-FF-CC-1B-FF-6E-97-6F-EE-09-12-90-CA-11-21">
      <ModulePath>C:\Program Files\dotnet\shared\Microsoft.NETCore.App\7.0.3\System.Reflection.Metadata.dll</ModulePath>
      <ModuleTime>2023-01-20T18:13:14Z</ModuleTime>
      <ModuleName>System.Reflection.Metadata</ModuleName>
      <Classes />
    </Module>
    <Module skippedDueTo="Filter" hash="CB-79-B8-ED-90-EF-41-25-9B-A2-0F-B3-73-34-1F-53-91-9D-52-00">
      <ModulePath>C:\Program Files\dotnet\sdk\7.0.201\NuGet.Common.dll</ModulePath>
      <ModuleTime>2023-02-17T16:51:02Z</ModuleTime>
      <ModuleName>NuGet.Common</ModuleName>
      <Classes />
    </Module>
    <Module skippedDueTo="Filter" hash="B2-0D-B1-B9-93-27-E0-59-16-5E-B2-C2-AB-12-8A-93-78-6F-65-3F">
      <ModulePath>C:\Program Files\dotnet\sdk\7.0.201\NuGet.Commands.dll</ModulePath>
      <ModuleTime>2023-02-17T16:50:56Z</ModuleTime>
      <ModuleName>NuGet.Commands</ModuleName>
      <Classes />
    </Module>
    <Module skippedDueTo="Filter" hash="4E-E4-95-23-5B-5B-74-21-B2-27-72-31-56-C1-94-D0-FB-04-40-0C">
      <ModulePath>C:\Program Files\dotnet\sdk\7.0.201\NuGet.ProjectModel.dll</ModulePath>
      <ModuleTime>2023-02-17T16:51:00Z</ModuleTime>
      <ModuleName>NuGet.ProjectModel</ModuleName>
      <Classes />
    </Module>
    <Module skippedDueTo="Filter" hash="0F-50-DA-50-C0-CB-37-AD-70-3F-3B-4D-80-6D-24-97-5F-61-CB-6B">
      <ModulePath>C:\Program Files\dotnet\sdk\7.0.201\Microsoft.Build.NuGetSdkResolver.dll</ModulePath>
      <ModuleTime>2023-02-17T16:51:00Z</ModuleTime>
      <ModuleName>Microsoft.Build.NuGetSdkResolver</ModuleName>
      <Classes />
    </Module>
    <Module skippedDueTo="Filter" hash="33-07-C1-35-A6-12-D3-C4-F3-E6-11-DD-B2-74-1B-97-AC-58-F4-D8">
      <ModulePath>C:\Program Files\dotnet\shared\Microsoft.NETCore.App\7.0.3\System.IO.FileSystem.dll</ModulePath>
      <ModuleTime>2023-01-20T18:11:00Z</ModuleTime>
      <ModuleName>System.IO.FileSystem</ModuleName>
      <Classes />
    </Module>
    <Module skippedDueTo="Filter" hash="CD-37-B2-0B-C8-3F-CD-23-91-D8-2B-7E-00-B8-B6-4D-5F-88-54-09">
      <ModulePath>C:\Program Files\dotnet\sdk\7.0.201\Microsoft.NET.Sdk.WorkloadMSBuildSdkResolver.dll</ModulePath>
      <ModuleTime>2023-02-17T16:50:58Z</ModuleTime>
      <ModuleName>Microsoft.NET.Sdk.WorkloadMSBuildSdkResolver</ModuleName>
      <Classes />
    </Module>
    <Module skippedDueTo="Filter" hash="6D-DC-B8-D3-96-D7-97-C5-FB-1D-41-4E-69-AC-60-E1-FF-06-F3-08">
      <ModulePath>C:\Program Files\dotnet\sdk\7.0.201\Microsoft.DotNet.Cli.Utils.dll</ModulePath>
      <ModuleTime>2023-02-17T16:51:10Z</ModuleTime>
      <ModuleName>Microsoft.DotNet.Cli.Utils</ModuleName>
      <Classes />
    </Module>
    <Module skippedDueTo="Filter" hash="64-82-E2-FF-07-32-46-0A-44-B0-2C-F7-4A-CC-9D-89-F7-A5-09-A9">
      <ModulePath>C:\Program Files\dotnet\sdk\7.0.201\Microsoft.NET.Sdk.WorkloadManifestReader.dll</ModulePath>
      <ModuleTime>2023-02-17T16:50:58Z</ModuleTime>
      <ModuleName>Microsoft.NET.Sdk.WorkloadManifestReader</ModuleName>
      <Classes />
    </Module>
    <Module skippedDueTo="Filter" hash="A6-B5-4F-9A-86-A0-43-45-22-AF-73-53-27-F8-85-40-77-8F-02-BA">
      <ModulePath>C:\Program Files\dotnet\sdk\7.0.201\Microsoft.Deployment.DotNet.Releases.dll</ModulePath>
      <ModuleTime>2023-02-17T16:50:56Z</ModuleTime>
      <ModuleName>Microsoft.Deployment.DotNet.Releases</ModuleName>
      <Classes />
    </Module>
    <Module skippedDueTo="Filter" hash="E4-AE-74-A9-C3-86-AB-BB-10-20-26-5C-5A-8B-07-23-A5-31-AB-8E">
      <ModulePath>C:\Program Files\dotnet\shared\Microsoft.NETCore.App\7.0.3\System.IO.Pipes.dll</ModulePath>
      <ModuleTime>2023-01-20T18:12:58Z</ModuleTime>
      <ModuleName>System.IO.Pipes</ModuleName>
      <Classes />
    </Module>
    <Module skippedDueTo="Filter" hash="CB-79-B8-ED-90-EF-41-25-9B-A2-0F-B3-73-34-1F-53-91-9D-52-00">
      <ModulePath>C:\Program Files\dotnet\sdk\7.0.201\NuGet.Common.dll</ModulePath>
      <ModuleTime>2023-02-17T16:51:02Z</ModuleTime>
      <ModuleName>NuGet.Common</ModuleName>
      <Classes />
    </Module>
    <Module skippedDueTo="Filter" hash="97-17-2A-F4-47-7C-AC-C7-15-01-E7-AD-8A-7B-1C-23-AA-52-92-EE">
      <ModulePath>C:\Program Files\dotnet\shared\Microsoft.NETCore.App\7.0.3\System.Private.CoreLib.dll</ModulePath>
      <ModuleTime>2023-01-20T18:13:14Z</ModuleTime>
      <ModuleName>System.Private.CoreLib</ModuleName>
      <Classes />
    </Module>
    <Module skippedDueTo="Filter" hash="97-17-2A-F4-47-7C-AC-C7-15-01-E7-AD-8A-7B-1C-23-AA-52-92-EE">
      <ModulePath>C:\Program Files\dotnet\shared\Microsoft.NETCore.App\7.0.3\System.Private.CoreLib.dll</ModulePath>
      <ModuleTime>2023-01-20T18:13:14Z</ModuleTime>
      <ModuleName>System.Private.CoreLib</ModuleName>
      <Classes />
    </Module>
    <Module skippedDueTo="Filter" hash="97-17-2A-F4-47-7C-AC-C7-15-01-E7-AD-8A-7B-1C-23-AA-52-92-EE">
      <ModulePath>C:\Program Files\dotnet\shared\Microsoft.NETCore.App\7.0.3\System.Private.CoreLib.dll</ModulePath>
      <ModuleTime>2023-01-20T18:13:14Z</ModuleTime>
      <ModuleName>System.Private.CoreLib</ModuleName>
      <Classes />
    </Module>
    <Module skippedDueTo="Filter" hash="97-17-2A-F4-47-7C-AC-C7-15-01-E7-AD-8A-7B-1C-23-AA-52-92-EE">
      <ModulePath>C:\Program Files\dotnet\shared\Microsoft.NETCore.App\7.0.3\System.Private.CoreLib.dll</ModulePath>
      <ModuleTime>2023-01-20T18:13:14Z</ModuleTime>
      <ModuleName>System.Private.CoreLib</ModuleName>
      <Classes />
    </Module>
    <Module skippedDueTo="Filter" hash="97-17-2A-F4-47-7C-AC-C7-15-01-E7-AD-8A-7B-1C-23-AA-52-92-EE">
      <ModulePath>C:\Program Files\dotnet\shared\Microsoft.NETCore.App\7.0.3\System.Private.CoreLib.dll</ModulePath>
      <ModuleTime>2023-01-20T18:13:14Z</ModuleTime>
      <ModuleName>System.Private.CoreLib</ModuleName>
      <Classes />
    </Module>
    <Module skippedDueTo="Filter" hash="97-17-2A-F4-47-7C-AC-C7-15-01-E7-AD-8A-7B-1C-23-AA-52-92-EE">
      <ModulePath>C:\Program Files\dotnet\shared\Microsoft.NETCore.App\7.0.3\System.Private.CoreLib.dll</ModulePath>
      <ModuleTime>2023-01-20T18:13:14Z</ModuleTime>
      <ModuleName>System.Private.CoreLib</ModuleName>
      <Classes />
    </Module>
    <Module skippedDueTo="Filter" hash="97-17-2A-F4-47-7C-AC-C7-15-01-E7-AD-8A-7B-1C-23-AA-52-92-EE">
      <ModulePath>C:\Program Files\dotnet\shared\Microsoft.NETCore.App\7.0.3\System.Private.CoreLib.dll</ModulePath>
      <ModuleTime>2023-01-20T18:13:14Z</ModuleTime>
      <ModuleName>System.Private.CoreLib</ModuleName>
      <Classes />
    </Module>
    <Module skippedDueTo="Filter" hash="FF-77-FA-B5-FB-3E-37-C2-F1-B5-A8-40-EE-A1-D1-96-6E-52-E1-19">
      <ModulePath>C:\Program Files\dotnet\sdk\7.0.201\NuGet.Frameworks.dll</ModulePath>
      <ModuleTime>2023-02-17T16:51:06Z</ModuleTime>
      <ModuleName>NuGet.Frameworks</ModuleName>
      <Classes />
    </Module>
    <Module skippedDueTo="Filter" hash="D3-D1-01-34-66-23-87-CA-3F-22-91-FE-07-C9-3D-D5-79-F9-12-2A">
      <ModulePath>C:\Program Files\dotnet\sdk\7.0.201\MSBuild.dll</ModulePath>
      <ModuleTime>2023-02-17T16:50:58Z</ModuleTime>
      <ModuleName>MSBuild</ModuleName>
      <Classes />
    </Module>
    <Module skippedDueTo="Filter" hash="D3-D1-01-34-66-23-87-CA-3F-22-91-FE-07-C9-3D-D5-79-F9-12-2A">
      <ModulePath>C:\Program Files\dotnet\sdk\7.0.201\MSBuild.dll</ModulePath>
      <ModuleTime>2023-02-17T16:50:58Z</ModuleTime>
      <ModuleName>MSBuild</ModuleName>
      <Classes />
    </Module>
    <Module skippedDueTo="Filter" hash="F7-05-CB-25-47-66-84-04-3E-53-E2-18-CF-F3-8D-25-C2-A3-94-85">
      <ModulePath>C:\Program Files\dotnet\shared\Microsoft.NETCore.App\7.0.3\System.Runtime.dll</ModulePath>
      <ModuleTime>2023-01-20T18:11:02Z</ModuleTime>
      <ModuleName>System.Runtime</ModuleName>
      <Classes />
    </Module>
    <Module skippedDueTo="Filter" hash="F7-05-CB-25-47-66-84-04-3E-53-E2-18-CF-F3-8D-25-C2-A3-94-85">
      <ModulePath>C:\Program Files\dotnet\shared\Microsoft.NETCore.App\7.0.3\System.Runtime.dll</ModulePath>
      <ModuleTime>2023-01-20T18:11:02Z</ModuleTime>
      <ModuleName>System.Runtime</ModuleName>
      <Classes />
    </Module>
    <Module skippedDueTo="Filter" hash="D3-D1-01-34-66-23-87-CA-3F-22-91-FE-07-C9-3D-D5-79-F9-12-2A">
      <ModulePath>C:\Program Files\dotnet\sdk\7.0.201\MSBuild.dll</ModulePath>
      <ModuleTime>2023-02-17T16:50:58Z</ModuleTime>
      <ModuleName>MSBuild</ModuleName>
      <Classes />
    </Module>
    <Module skippedDueTo="Filter" hash="D3-D1-01-34-66-23-87-CA-3F-22-91-FE-07-C9-3D-D5-79-F9-12-2A">
      <ModulePath>C:\Program Files\dotnet\sdk\7.0.201\MSBuild.dll</ModulePath>
      <ModuleTime>2023-02-17T16:50:58Z</ModuleTime>
      <ModuleName>MSBuild</ModuleName>
      <Classes />
    </Module>
    <Module skippedDueTo="Filter" hash="D3-D1-01-34-66-23-87-CA-3F-22-91-FE-07-C9-3D-D5-79-F9-12-2A">
      <ModulePath>C:\Program Files\dotnet\sdk\7.0.201\MSBuild.dll</ModulePath>
      <ModuleTime>2023-02-17T16:50:58Z</ModuleTime>
      <ModuleName>MSBuild</ModuleName>
      <Classes />
    </Module>
    <Module skippedDueTo="Filter" hash="D3-D1-01-34-66-23-87-CA-3F-22-91-FE-07-C9-3D-D5-79-F9-12-2A">
      <ModulePath>C:\Program Files\dotnet\sdk\7.0.201\MSBuild.dll</ModulePath>
      <ModuleTime>2023-02-17T16:50:58Z</ModuleTime>
      <ModuleName>MSBuild</ModuleName>
      <Classes />
    </Module>
    <Module skippedDueTo="Filter" hash="F7-05-CB-25-47-66-84-04-3E-53-E2-18-CF-F3-8D-25-C2-A3-94-85">
      <ModulePath>C:\Program Files\dotnet\shared\Microsoft.NETCore.App\7.0.3\System.Runtime.dll</ModulePath>
      <ModuleTime>2023-01-20T18:11:02Z</ModuleTime>
      <ModuleName>System.Runtime</ModuleName>
      <Classes />
    </Module>
    <Module skippedDueTo="Filter" hash="D3-D1-01-34-66-23-87-CA-3F-22-91-FE-07-C9-3D-D5-79-F9-12-2A">
      <ModulePath>C:\Program Files\dotnet\sdk\7.0.201\MSBuild.dll</ModulePath>
      <ModuleTime>2023-02-17T16:50:58Z</ModuleTime>
      <ModuleName>MSBuild</ModuleName>
      <Classes />
    </Module>
    <Module skippedDueTo="Filter" hash="F7-05-CB-25-47-66-84-04-3E-53-E2-18-CF-F3-8D-25-C2-A3-94-85">
      <ModulePath>C:\Program Files\dotnet\shared\Microsoft.NETCore.App\7.0.3\System.Runtime.dll</ModulePath>
      <ModuleTime>2023-01-20T18:11:02Z</ModuleTime>
      <ModuleName>System.Runtime</ModuleName>
      <Classes />
    </Module>
    <Module skippedDueTo="Filter" hash="F7-05-CB-25-47-66-84-04-3E-53-E2-18-CF-F3-8D-25-C2-A3-94-85">
      <ModulePath>C:\Program Files\dotnet\shared\Microsoft.NETCore.App\7.0.3\System.Runtime.dll</ModulePath>
      <ModuleTime>2023-01-20T18:11:02Z</ModuleTime>
      <ModuleName>System.Runtime</ModuleName>
      <Classes />
    </Module>
    <Module skippedDueTo="Filter" hash="F7-05-CB-25-47-66-84-04-3E-53-E2-18-CF-F3-8D-25-C2-A3-94-85">
      <ModulePath>C:\Program Files\dotnet\shared\Microsoft.NETCore.App\7.0.3\System.Runtime.dll</ModulePath>
      <ModuleTime>2023-01-20T18:11:02Z</ModuleTime>
      <ModuleName>System.Runtime</ModuleName>
      <Classes />
    </Module>
    <Module skippedDueTo="Filter" hash="F7-05-CB-25-47-66-84-04-3E-53-E2-18-CF-F3-8D-25-C2-A3-94-85">
      <ModulePath>C:\Program Files\dotnet\shared\Microsoft.NETCore.App\7.0.3\System.Runtime.dll</ModulePath>
      <ModuleTime>2023-01-20T18:11:02Z</ModuleTime>
      <ModuleName>System.Runtime</ModuleName>
      <Classes />
    </Module>
    <Module skippedDueTo="Filter" hash="58-95-A6-81-14-32-2C-8D-2B-66-BA-3D-64-10-6D-D6-BF-D6-12-D1">
      <ModulePath>C:\Program Files\dotnet\shared\Microsoft.NETCore.App\7.0.3\System.Diagnostics.Tracing.dll</ModulePath>
      <ModuleTime>2023-01-20T18:10:58Z</ModuleTime>
      <ModuleName>System.Diagnostics.Tracing</ModuleName>
      <Classes />
    </Module>
    <Module skippedDueTo="Filter" hash="58-95-A6-81-14-32-2C-8D-2B-66-BA-3D-64-10-6D-D6-BF-D6-12-D1">
      <ModulePath>C:\Program Files\dotnet\shared\Microsoft.NETCore.App\7.0.3\System.Diagnostics.Tracing.dll</ModulePath>
      <ModuleTime>2023-01-20T18:10:58Z</ModuleTime>
      <ModuleName>System.Diagnostics.Tracing</ModuleName>
      <Classes />
    </Module>
    <Module skippedDueTo="Filter" hash="0B-12-CD-F4-95-54-14-9A-55-E7-83-85-EE-B9-C9-A3-30-B6-09-33">
      <ModulePath>C:\Program Files\dotnet\sdk\7.0.201\Microsoft.Build.Framework.dll</ModulePath>
      <ModuleTime>2023-02-17T16:51:08Z</ModuleTime>
      <ModuleName>Microsoft.Build.Framework</ModuleName>
      <Classes />
    </Module>
    <Module skippedDueTo="Filter" hash="58-95-A6-81-14-32-2C-8D-2B-66-BA-3D-64-10-6D-D6-BF-D6-12-D1">
      <ModulePath>C:\Program Files\dotnet\shared\Microsoft.NETCore.App\7.0.3\System.Diagnostics.Tracing.dll</ModulePath>
      <ModuleTime>2023-01-20T18:10:58Z</ModuleTime>
      <ModuleName>System.Diagnostics.Tracing</ModuleName>
      <Classes />
    </Module>
    <Module skippedDueTo="Filter" hash="0B-12-CD-F4-95-54-14-9A-55-E7-83-85-EE-B9-C9-A3-30-B6-09-33">
      <ModulePath>C:\Program Files\dotnet\sdk\7.0.201\Microsoft.Build.Framework.dll</ModulePath>
      <ModuleTime>2023-02-17T16:51:08Z</ModuleTime>
      <ModuleName>Microsoft.Build.Framework</ModuleName>
      <Classes />
    </Module>
    <Module skippedDueTo="Filter" hash="58-95-A6-81-14-32-2C-8D-2B-66-BA-3D-64-10-6D-D6-BF-D6-12-D1">
      <ModulePath>C:\Program Files\dotnet\shared\Microsoft.NETCore.App\7.0.3\System.Diagnostics.Tracing.dll</ModulePath>
      <ModuleTime>2023-01-20T18:10:58Z</ModuleTime>
      <ModuleName>System.Diagnostics.Tracing</ModuleName>
      <Classes />
    </Module>
    <Module skippedDueTo="Filter" hash="58-95-A6-81-14-32-2C-8D-2B-66-BA-3D-64-10-6D-D6-BF-D6-12-D1">
      <ModulePath>C:\Program Files\dotnet\shared\Microsoft.NETCore.App\7.0.3\System.Diagnostics.Tracing.dll</ModulePath>
      <ModuleTime>2023-01-20T18:10:58Z</ModuleTime>
      <ModuleName>System.Diagnostics.Tracing</ModuleName>
      <Classes />
    </Module>
    <Module skippedDueTo="Filter" hash="58-95-A6-81-14-32-2C-8D-2B-66-BA-3D-64-10-6D-D6-BF-D6-12-D1">
      <ModulePath>C:\Program Files\dotnet\shared\Microsoft.NETCore.App\7.0.3\System.Diagnostics.Tracing.dll</ModulePath>
      <ModuleTime>2023-01-20T18:10:58Z</ModuleTime>
      <ModuleName>System.Diagnostics.Tracing</ModuleName>
      <Classes />
    </Module>
    <Module skippedDueTo="Filter" hash="58-95-A6-81-14-32-2C-8D-2B-66-BA-3D-64-10-6D-D6-BF-D6-12-D1">
      <ModulePath>C:\Program Files\dotnet\shared\Microsoft.NETCore.App\7.0.3\System.Diagnostics.Tracing.dll</ModulePath>
      <ModuleTime>2023-01-20T18:10:58Z</ModuleTime>
      <ModuleName>System.Diagnostics.Tracing</ModuleName>
      <Classes />
    </Module>
    <Module skippedDueTo="Filter" hash="0B-12-CD-F4-95-54-14-9A-55-E7-83-85-EE-B9-C9-A3-30-B6-09-33">
      <ModulePath>C:\Program Files\dotnet\sdk\7.0.201\Microsoft.Build.Framework.dll</ModulePath>
      <ModuleTime>2023-02-17T16:51:08Z</ModuleTime>
      <ModuleName>Microsoft.Build.Framework</ModuleName>
      <Classes />
    </Module>
    <Module skippedDueTo="Filter" hash="0B-12-CD-F4-95-54-14-9A-55-E7-83-85-EE-B9-C9-A3-30-B6-09-33">
      <ModulePath>C:\Program Files\dotnet\sdk\7.0.201\Microsoft.Build.Framework.dll</ModulePath>
      <ModuleTime>2023-02-17T16:51:08Z</ModuleTime>
      <ModuleName>Microsoft.Build.Framework</ModuleName>
      <Classes />
    </Module>
    <Module skippedDueTo="Filter" hash="0B-12-CD-F4-95-54-14-9A-55-E7-83-85-EE-B9-C9-A3-30-B6-09-33">
      <ModulePath>C:\Program Files\dotnet\sdk\7.0.201\Microsoft.Build.Framework.dll</ModulePath>
      <ModuleTime>2023-02-17T16:51:08Z</ModuleTime>
      <ModuleName>Microsoft.Build.Framework</ModuleName>
      <Classes />
    </Module>
    <Module skippedDueTo="Filter" hash="0B-12-CD-F4-95-54-14-9A-55-E7-83-85-EE-B9-C9-A3-30-B6-09-33">
      <ModulePath>C:\Program Files\dotnet\sdk\7.0.201\Microsoft.Build.Framework.dll</ModulePath>
      <ModuleTime>2023-02-17T16:51:08Z</ModuleTime>
      <ModuleName>Microsoft.Build.Framework</ModuleName>
      <Classes />
    </Module>
    <Module skippedDueTo="Filter" hash="0B-12-CD-F4-95-54-14-9A-55-E7-83-85-EE-B9-C9-A3-30-B6-09-33">
      <ModulePath>C:\Program Files\dotnet\sdk\7.0.201\Microsoft.Build.Framework.dll</ModulePath>
      <ModuleTime>2023-02-17T16:51:08Z</ModuleTime>
      <ModuleName>Microsoft.Build.Framework</ModuleName>
      <Classes />
    </Module>
    <Module skippedDueTo="Filter" hash="57-3A-17-16-EE-C6-37-8D-DF-DB-56-C8-4B-E1-3C-D6-1A-0E-2A-04">
      <ModulePath>C:\Program Files\dotnet\shared\Microsoft.NETCore.App\7.0.3\System.Console.dll</ModulePath>
      <ModuleTime>2023-01-20T18:13:12Z</ModuleTime>
      <ModuleName>System.Console</ModuleName>
      <Classes />
    </Module>
    <Module skippedDueTo="Filter" hash="57-3A-17-16-EE-C6-37-8D-DF-DB-56-C8-4B-E1-3C-D6-1A-0E-2A-04">
      <ModulePath>C:\Program Files\dotnet\shared\Microsoft.NETCore.App\7.0.3\System.Console.dll</ModulePath>
      <ModuleTime>2023-01-20T18:13:12Z</ModuleTime>
      <ModuleName>System.Console</ModuleName>
      <Classes />
    </Module>
    <Module skippedDueTo="Filter" hash="69-6F-9A-37-0D-54-84-E1-89-29-AE-F6-E2-85-2C-9A-16-48-BD-6B">
      <ModulePath>C:\Program Files\dotnet\shared\Microsoft.NETCore.App\7.0.3\System.Threading.dll</ModulePath>
      <ModuleTime>2023-01-20T18:13:16Z</ModuleTime>
      <ModuleName>System.Threading</ModuleName>
      <Classes />
    </Module>
    <Module skippedDueTo="Filter" hash="69-6F-9A-37-0D-54-84-E1-89-29-AE-F6-E2-85-2C-9A-16-48-BD-6B">
      <ModulePath>C:\Program Files\dotnet\shared\Microsoft.NETCore.App\7.0.3\System.Threading.dll</ModulePath>
      <ModuleTime>2023-01-20T18:13:16Z</ModuleTime>
      <ModuleName>System.Threading</ModuleName>
      <Classes />
    </Module>
    <Module skippedDueTo="Filter" hash="28-08-35-82-48-8E-5A-FC-ED-B7-29-0D-B6-0E-81-D4-B4-78-3B-13">
      <ModulePath>C:\Program Files\dotnet\shared\Microsoft.NETCore.App\7.0.3\System.Collections.dll</ModulePath>
      <ModuleTime>2023-01-20T18:13:46Z</ModuleTime>
      <ModuleName>System.Collections</ModuleName>
      <Classes />
    </Module>
    <Module skippedDueTo="Filter" hash="57-3A-17-16-EE-C6-37-8D-DF-DB-56-C8-4B-E1-3C-D6-1A-0E-2A-04">
      <ModulePath>C:\Program Files\dotnet\shared\Microsoft.NETCore.App\7.0.3\System.Console.dll</ModulePath>
      <ModuleTime>2023-01-20T18:13:12Z</ModuleTime>
      <ModuleName>System.Console</ModuleName>
      <Classes />
    </Module>
    <Module skippedDueTo="Filter" hash="57-3A-17-16-EE-C6-37-8D-DF-DB-56-C8-4B-E1-3C-D6-1A-0E-2A-04">
      <ModulePath>C:\Program Files\dotnet\shared\Microsoft.NETCore.App\7.0.3\System.Console.dll</ModulePath>
      <ModuleTime>2023-01-20T18:13:12Z</ModuleTime>
      <ModuleName>System.Console</ModuleName>
      <Classes />
    </Module>
    <Module skippedDueTo="Filter" hash="57-3A-17-16-EE-C6-37-8D-DF-DB-56-C8-4B-E1-3C-D6-1A-0E-2A-04">
      <ModulePath>C:\Program Files\dotnet\shared\Microsoft.NETCore.App\7.0.3\System.Console.dll</ModulePath>
      <ModuleTime>2023-01-20T18:13:12Z</ModuleTime>
      <ModuleName>System.Console</ModuleName>
      <Classes />
    </Module>
    <Module skippedDueTo="Filter" hash="28-08-35-82-48-8E-5A-FC-ED-B7-29-0D-B6-0E-81-D4-B4-78-3B-13">
      <ModulePath>C:\Program Files\dotnet\shared\Microsoft.NETCore.App\7.0.3\System.Collections.dll</ModulePath>
      <ModuleTime>2023-01-20T18:13:46Z</ModuleTime>
      <ModuleName>System.Collections</ModuleName>
      <Classes />
    </Module>
    <Module skippedDueTo="Filter" hash="57-3A-17-16-EE-C6-37-8D-DF-DB-56-C8-4B-E1-3C-D6-1A-0E-2A-04">
      <ModulePath>C:\Program Files\dotnet\shared\Microsoft.NETCore.App\7.0.3\System.Console.dll</ModulePath>
      <ModuleTime>2023-01-20T18:13:12Z</ModuleTime>
      <ModuleName>System.Console</ModuleName>
      <Classes />
    </Module>
    <Module skippedDueTo="Filter" hash="57-3A-17-16-EE-C6-37-8D-DF-DB-56-C8-4B-E1-3C-D6-1A-0E-2A-04">
      <ModulePath>C:\Program Files\dotnet\shared\Microsoft.NETCore.App\7.0.3\System.Console.dll</ModulePath>
      <ModuleTime>2023-01-20T18:13:12Z</ModuleTime>
      <ModuleName>System.Console</ModuleName>
      <Classes />
    </Module>
    <Module skippedDueTo="Filter" hash="69-6F-9A-37-0D-54-84-E1-89-29-AE-F6-E2-85-2C-9A-16-48-BD-6B">
      <ModulePath>C:\Program Files\dotnet\shared\Microsoft.NETCore.App\7.0.3\System.Threading.dll</ModulePath>
      <ModuleTime>2023-01-20T18:13:16Z</ModuleTime>
      <ModuleName>System.Threading</ModuleName>
      <Classes />
    </Module>
    <Module skippedDueTo="Filter" hash="69-6F-9A-37-0D-54-84-E1-89-29-AE-F6-E2-85-2C-9A-16-48-BD-6B">
      <ModulePath>C:\Program Files\dotnet\shared\Microsoft.NETCore.App\7.0.3\System.Threading.dll</ModulePath>
      <ModuleTime>2023-01-20T18:13:16Z</ModuleTime>
      <ModuleName>System.Threading</ModuleName>
      <Classes />
    </Module>
    <Module skippedDueTo="Filter" hash="69-6F-9A-37-0D-54-84-E1-89-29-AE-F6-E2-85-2C-9A-16-48-BD-6B">
      <ModulePath>C:\Program Files\dotnet\shared\Microsoft.NETCore.App\7.0.3\System.Threading.dll</ModulePath>
      <ModuleTime>2023-01-20T18:13:16Z</ModuleTime>
      <ModuleName>System.Threading</ModuleName>
      <Classes />
    </Module>
    <Module skippedDueTo="Filter" hash="69-6F-9A-37-0D-54-84-E1-89-29-AE-F6-E2-85-2C-9A-16-48-BD-6B">
      <ModulePath>C:\Program Files\dotnet\shared\Microsoft.NETCore.App\7.0.3\System.Threading.dll</ModulePath>
      <ModuleTime>2023-01-20T18:13:16Z</ModuleTime>
      <ModuleName>System.Threading</ModuleName>
      <Classes />
    </Module>
    <Module skippedDueTo="Filter" hash="69-6F-9A-37-0D-54-84-E1-89-29-AE-F6-E2-85-2C-9A-16-48-BD-6B">
      <ModulePath>C:\Program Files\dotnet\shared\Microsoft.NETCore.App\7.0.3\System.Threading.dll</ModulePath>
      <ModuleTime>2023-01-20T18:13:16Z</ModuleTime>
      <ModuleName>System.Threading</ModuleName>
      <Classes />
    </Module>
    <Module skippedDueTo="Filter" hash="28-08-35-82-48-8E-5A-FC-ED-B7-29-0D-B6-0E-81-D4-B4-78-3B-13">
      <ModulePath>C:\Program Files\dotnet\shared\Microsoft.NETCore.App\7.0.3\System.Collections.dll</ModulePath>
      <ModuleTime>2023-01-20T18:13:46Z</ModuleTime>
      <ModuleName>System.Collections</ModuleName>
      <Classes />
    </Module>
    <Module skippedDueTo="Filter" hash="28-08-35-82-48-8E-5A-FC-ED-B7-29-0D-B6-0E-81-D4-B4-78-3B-13">
      <ModulePath>C:\Program Files\dotnet\shared\Microsoft.NETCore.App\7.0.3\System.Collections.dll</ModulePath>
      <ModuleTime>2023-01-20T18:13:46Z</ModuleTime>
      <ModuleName>System.Collections</ModuleName>
      <Classes />
    </Module>
    <Module skippedDueTo="Filter" hash="28-08-35-82-48-8E-5A-FC-ED-B7-29-0D-B6-0E-81-D4-B4-78-3B-13">
      <ModulePath>C:\Program Files\dotnet\shared\Microsoft.NETCore.App\7.0.3\System.Collections.dll</ModulePath>
      <ModuleTime>2023-01-20T18:13:46Z</ModuleTime>
      <ModuleName>System.Collections</ModuleName>
      <Classes />
    </Module>
    <Module skippedDueTo="Filter" hash="28-08-35-82-48-8E-5A-FC-ED-B7-29-0D-B6-0E-81-D4-B4-78-3B-13">
      <ModulePath>C:\Program Files\dotnet\shared\Microsoft.NETCore.App\7.0.3\System.Collections.dll</ModulePath>
      <ModuleTime>2023-01-20T18:13:46Z</ModuleTime>
      <ModuleName>System.Collections</ModuleName>
      <Classes />
    </Module>
    <Module skippedDueTo="Filter" hash="28-08-35-82-48-8E-5A-FC-ED-B7-29-0D-B6-0E-81-D4-B4-78-3B-13">
      <ModulePath>C:\Program Files\dotnet\shared\Microsoft.NETCore.App\7.0.3\System.Collections.dll</ModulePath>
      <ModuleTime>2023-01-20T18:13:46Z</ModuleTime>
      <ModuleName>System.Collections</ModuleName>
      <Classes />
    </Module>
    <Module skippedDueTo="Filter" hash="AB-17-56-AE-24-8A-3D-C9-BC-00-DD-50-DB-A4-6D-F3-B0-2D-C8-D1">
      <ModulePath>C:\Program Files\dotnet\sdk\7.0.201\Microsoft.Build.dll</ModulePath>
      <ModuleTime>2023-02-17T16:50:58Z</ModuleTime>
      <ModuleName>Microsoft.Build</ModuleName>
      <Classes />
    </Module>
    <Module skippedDueTo="Filter" hash="AB-17-56-AE-24-8A-3D-C9-BC-00-DD-50-DB-A4-6D-F3-B0-2D-C8-D1">
      <ModulePath>C:\Program Files\dotnet\sdk\7.0.201\Microsoft.Build.dll</ModulePath>
      <ModuleTime>2023-02-17T16:50:58Z</ModuleTime>
      <ModuleName>Microsoft.Build</ModuleName>
      <Classes />
    </Module>
    <Module skippedDueTo="Filter" hash="AB-17-56-AE-24-8A-3D-C9-BC-00-DD-50-DB-A4-6D-F3-B0-2D-C8-D1">
      <ModulePath>C:\Program Files\dotnet\sdk\7.0.201\Microsoft.Build.dll</ModulePath>
      <ModuleTime>2023-02-17T16:50:58Z</ModuleTime>
      <ModuleName>Microsoft.Build</ModuleName>
      <Classes />
    </Module>
    <Module skippedDueTo="Filter" hash="AB-17-56-AE-24-8A-3D-C9-BC-00-DD-50-DB-A4-6D-F3-B0-2D-C8-D1">
      <ModulePath>C:\Program Files\dotnet\sdk\7.0.201\Microsoft.Build.dll</ModulePath>
      <ModuleTime>2023-02-17T16:50:58Z</ModuleTime>
      <ModuleName>Microsoft.Build</ModuleName>
      <Classes />
    </Module>
    <Module skippedDueTo="Filter" hash="AB-17-56-AE-24-8A-3D-C9-BC-00-DD-50-DB-A4-6D-F3-B0-2D-C8-D1">
      <ModulePath>C:\Program Files\dotnet\sdk\7.0.201\Microsoft.Build.dll</ModulePath>
      <ModuleTime>2023-02-17T16:50:58Z</ModuleTime>
      <ModuleName>Microsoft.Build</ModuleName>
      <Classes />
    </Module>
    <Module skippedDueTo="Filter" hash="AB-17-56-AE-24-8A-3D-C9-BC-00-DD-50-DB-A4-6D-F3-B0-2D-C8-D1">
      <ModulePath>C:\Program Files\dotnet\sdk\7.0.201\Microsoft.Build.dll</ModulePath>
      <ModuleTime>2023-02-17T16:50:58Z</ModuleTime>
      <ModuleName>Microsoft.Build</ModuleName>
      <Classes />
    </Module>
    <Module skippedDueTo="Filter" hash="AB-17-56-AE-24-8A-3D-C9-BC-00-DD-50-DB-A4-6D-F3-B0-2D-C8-D1">
      <ModulePath>C:\Program Files\dotnet\sdk\7.0.201\Microsoft.Build.dll</ModulePath>
      <ModuleTime>2023-02-17T16:50:58Z</ModuleTime>
      <ModuleName>Microsoft.Build</ModuleName>
      <Classes />
    </Module>
    <Module skippedDueTo="Filter" hash="6C-CA-73-43-CA-87-9F-A8-E8-A0-DD-30-86-B8-E4-9E-1F-34-34-3E">
      <ModulePath>C:\Program Files\dotnet\shared\Microsoft.NETCore.App\7.0.3\System.Diagnostics.Process.dll</ModulePath>
      <ModuleTime>2023-01-20T18:13:18Z</ModuleTime>
      <ModuleName>System.Diagnostics.Process</ModuleName>
      <Classes />
    </Module>
    <Module skippedDueTo="Filter" hash="6C-CA-73-43-CA-87-9F-A8-E8-A0-DD-30-86-B8-E4-9E-1F-34-34-3E">
      <ModulePath>C:\Program Files\dotnet\shared\Microsoft.NETCore.App\7.0.3\System.Diagnostics.Process.dll</ModulePath>
      <ModuleTime>2023-01-20T18:13:18Z</ModuleTime>
      <ModuleName>System.Diagnostics.Process</ModuleName>
      <Classes />
    </Module>
    <Module skippedDueTo="Filter" hash="53-4D-05-49-FA-4D-D9-3D-A4-ED-F6-B0-9A-0E-4F-E6-44-88-CF-D6">
      <ModulePath>C:\Program Files\dotnet\shared\Microsoft.NETCore.App\7.0.3\System.ComponentModel.Primitives.dll</ModulePath>
      <ModuleTime>2023-01-20T18:13:42Z</ModuleTime>
      <ModuleName>System.ComponentModel.Primitives</ModuleName>
      <Classes />
    </Module>
    <Module skippedDueTo="Filter" hash="53-4D-05-49-FA-4D-D9-3D-A4-ED-F6-B0-9A-0E-4F-E6-44-88-CF-D6">
      <ModulePath>C:\Program Files\dotnet\shared\Microsoft.NETCore.App\7.0.3\System.ComponentModel.Primitives.dll</ModulePath>
      <ModuleTime>2023-01-20T18:13:42Z</ModuleTime>
      <ModuleName>System.ComponentModel.Primitives</ModuleName>
      <Classes />
    </Module>
    <Module skippedDueTo="Filter" hash="6C-CA-73-43-CA-87-9F-A8-E8-A0-DD-30-86-B8-E4-9E-1F-34-34-3E">
      <ModulePath>C:\Program Files\dotnet\shared\Microsoft.NETCore.App\7.0.3\System.Diagnostics.Process.dll</ModulePath>
      <ModuleTime>2023-01-20T18:13:18Z</ModuleTime>
      <ModuleName>System.Diagnostics.Process</ModuleName>
      <Classes />
    </Module>
    <Module skippedDueTo="Filter" hash="53-4D-05-49-FA-4D-D9-3D-A4-ED-F6-B0-9A-0E-4F-E6-44-88-CF-D6">
      <ModulePath>C:\Program Files\dotnet\shared\Microsoft.NETCore.App\7.0.3\System.ComponentModel.Primitives.dll</ModulePath>
      <ModuleTime>2023-01-20T18:13:42Z</ModuleTime>
      <ModuleName>System.ComponentModel.Primitives</ModuleName>
      <Classes />
    </Module>
    <Module skippedDueTo="Filter" hash="6C-CA-73-43-CA-87-9F-A8-E8-A0-DD-30-86-B8-E4-9E-1F-34-34-3E">
      <ModulePath>C:\Program Files\dotnet\shared\Microsoft.NETCore.App\7.0.3\System.Diagnostics.Process.dll</ModulePath>
      <ModuleTime>2023-01-20T18:13:18Z</ModuleTime>
      <ModuleName>System.Diagnostics.Process</ModuleName>
      <Classes />
    </Module>
    <Module skippedDueTo="Filter" hash="6C-CA-73-43-CA-87-9F-A8-E8-A0-DD-30-86-B8-E4-9E-1F-34-34-3E">
      <ModulePath>C:\Program Files\dotnet\shared\Microsoft.NETCore.App\7.0.3\System.Diagnostics.Process.dll</ModulePath>
      <ModuleTime>2023-01-20T18:13:18Z</ModuleTime>
      <ModuleName>System.Diagnostics.Process</ModuleName>
      <Classes />
    </Module>
    <Module skippedDueTo="Filter" hash="6C-CA-73-43-CA-87-9F-A8-E8-A0-DD-30-86-B8-E4-9E-1F-34-34-3E">
      <ModulePath>C:\Program Files\dotnet\shared\Microsoft.NETCore.App\7.0.3\System.Diagnostics.Process.dll</ModulePath>
      <ModuleTime>2023-01-20T18:13:18Z</ModuleTime>
      <ModuleName>System.Diagnostics.Process</ModuleName>
      <Classes />
    </Module>
    <Module skippedDueTo="Filter" hash="6C-CA-73-43-CA-87-9F-A8-E8-A0-DD-30-86-B8-E4-9E-1F-34-34-3E">
      <ModulePath>C:\Program Files\dotnet\shared\Microsoft.NETCore.App\7.0.3\System.Diagnostics.Process.dll</ModulePath>
      <ModuleTime>2023-01-20T18:13:18Z</ModuleTime>
      <ModuleName>System.Diagnostics.Process</ModuleName>
      <Classes />
    </Module>
    <Module skippedDueTo="Filter" hash="9C-29-98-17-5C-89-E0-19-4F-10-15-6D-64-44-0A-1C-FC-E3-28-22">
      <ModulePath>C:\Program Files\dotnet\shared\Microsoft.NETCore.App\7.0.3\System.Linq.dll</ModulePath>
      <ModuleTime>2023-01-20T18:13:22Z</ModuleTime>
      <ModuleName>System.Linq</ModuleName>
      <Classes />
    </Module>
    <Module skippedDueTo="Filter" hash="53-4D-05-49-FA-4D-D9-3D-A4-ED-F6-B0-9A-0E-4F-E6-44-88-CF-D6">
      <ModulePath>C:\Program Files\dotnet\shared\Microsoft.NETCore.App\7.0.3\System.ComponentModel.Primitives.dll</ModulePath>
      <ModuleTime>2023-01-20T18:13:42Z</ModuleTime>
      <ModuleName>System.ComponentModel.Primitives</ModuleName>
      <Classes />
    </Module>
    <Module skippedDueTo="Filter" hash="53-4D-05-49-FA-4D-D9-3D-A4-ED-F6-B0-9A-0E-4F-E6-44-88-CF-D6">
      <ModulePath>C:\Program Files\dotnet\shared\Microsoft.NETCore.App\7.0.3\System.ComponentModel.Primitives.dll</ModulePath>
      <ModuleTime>2023-01-20T18:13:42Z</ModuleTime>
      <ModuleName>System.ComponentModel.Primitives</ModuleName>
      <Classes />
    </Module>
    <Module skippedDueTo="Filter" hash="53-4D-05-49-FA-4D-D9-3D-A4-ED-F6-B0-9A-0E-4F-E6-44-88-CF-D6">
      <ModulePath>C:\Program Files\dotnet\shared\Microsoft.NETCore.App\7.0.3\System.ComponentModel.Primitives.dll</ModulePath>
      <ModuleTime>2023-01-20T18:13:42Z</ModuleTime>
      <ModuleName>System.ComponentModel.Primitives</ModuleName>
      <Classes />
    </Module>
    <Module skippedDueTo="Filter" hash="53-4D-05-49-FA-4D-D9-3D-A4-ED-F6-B0-9A-0E-4F-E6-44-88-CF-D6">
      <ModulePath>C:\Program Files\dotnet\shared\Microsoft.NETCore.App\7.0.3\System.ComponentModel.Primitives.dll</ModulePath>
      <ModuleTime>2023-01-20T18:13:42Z</ModuleTime>
      <ModuleName>System.ComponentModel.Primitives</ModuleName>
      <Classes />
    </Module>
    <Module skippedDueTo="Filter" hash="9C-29-98-17-5C-89-E0-19-4F-10-15-6D-64-44-0A-1C-FC-E3-28-22">
      <ModulePath>C:\Program Files\dotnet\shared\Microsoft.NETCore.App\7.0.3\System.Linq.dll</ModulePath>
      <ModuleTime>2023-01-20T18:13:22Z</ModuleTime>
      <ModuleName>System.Linq</ModuleName>
      <Classes />
    </Module>
    <Module skippedDueTo="Filter" hash="9C-29-98-17-5C-89-E0-19-4F-10-15-6D-64-44-0A-1C-FC-E3-28-22">
      <ModulePath>C:\Program Files\dotnet\shared\Microsoft.NETCore.App\7.0.3\System.Linq.dll</ModulePath>
      <ModuleTime>2023-01-20T18:13:22Z</ModuleTime>
      <ModuleName>System.Linq</ModuleName>
      <Classes />
    </Module>
    <Module skippedDueTo="Filter" hash="9C-29-98-17-5C-89-E0-19-4F-10-15-6D-64-44-0A-1C-FC-E3-28-22">
      <ModulePath>C:\Program Files\dotnet\shared\Microsoft.NETCore.App\7.0.3\System.Linq.dll</ModulePath>
      <ModuleTime>2023-01-20T18:13:22Z</ModuleTime>
      <ModuleName>System.Linq</ModuleName>
      <Classes />
    </Module>
    <Module skippedDueTo="Filter" hash="9C-29-98-17-5C-89-E0-19-4F-10-15-6D-64-44-0A-1C-FC-E3-28-22">
      <ModulePath>C:\Program Files\dotnet\shared\Microsoft.NETCore.App\7.0.3\System.Linq.dll</ModulePath>
      <ModuleTime>2023-01-20T18:13:22Z</ModuleTime>
      <ModuleName>System.Linq</ModuleName>
      <Classes />
    </Module>
    <Module skippedDueTo="Filter" hash="9C-29-98-17-5C-89-E0-19-4F-10-15-6D-64-44-0A-1C-FC-E3-28-22">
      <ModulePath>C:\Program Files\dotnet\shared\Microsoft.NETCore.App\7.0.3\System.Linq.dll</ModulePath>
      <ModuleTime>2023-01-20T18:13:22Z</ModuleTime>
      <ModuleName>System.Linq</ModuleName>
      <Classes />
    </Module>
    <Module skippedDueTo="Filter" hash="9C-29-98-17-5C-89-E0-19-4F-10-15-6D-64-44-0A-1C-FC-E3-28-22">
      <ModulePath>C:\Program Files\dotnet\shared\Microsoft.NETCore.App\7.0.3\System.Linq.dll</ModulePath>
      <ModuleTime>2023-01-20T18:13:22Z</ModuleTime>
      <ModuleName>System.Linq</ModuleName>
      <Classes />
    </Module>
    <Module skippedDueTo="Filter" hash="5A-28-A7-78-56-68-56-B8-A9-A5-78-EA-7E-72-D3-2B-9E-DF-0C-30">
      <ModulePath>C:\Program Files\dotnet\shared\Microsoft.NETCore.App\7.0.3\System.Runtime.InteropServices.dll</ModulePath>
      <ModuleTime>2023-01-20T18:13:16Z</ModuleTime>
      <ModuleName>System.Runtime.InteropServices</ModuleName>
      <Classes />
    </Module>
    <Module skippedDueTo="Filter" hash="5A-28-A7-78-56-68-56-B8-A9-A5-78-EA-7E-72-D3-2B-9E-DF-0C-30">
      <ModulePath>C:\Program Files\dotnet\shared\Microsoft.NETCore.App\7.0.3\System.Runtime.InteropServices.dll</ModulePath>
      <ModuleTime>2023-01-20T18:13:16Z</ModuleTime>
      <ModuleName>System.Runtime.InteropServices</ModuleName>
      <Classes />
    </Module>
    <Module skippedDueTo="Filter" hash="5A-28-A7-78-56-68-56-B8-A9-A5-78-EA-7E-72-D3-2B-9E-DF-0C-30">
      <ModulePath>C:\Program Files\dotnet\shared\Microsoft.NETCore.App\7.0.3\System.Runtime.InteropServices.dll</ModulePath>
      <ModuleTime>2023-01-20T18:13:16Z</ModuleTime>
      <ModuleName>System.Runtime.InteropServices</ModuleName>
      <Classes />
    </Module>
    <Module skippedDueTo="Filter" hash="5A-28-A7-78-56-68-56-B8-A9-A5-78-EA-7E-72-D3-2B-9E-DF-0C-30">
      <ModulePath>C:\Program Files\dotnet\shared\Microsoft.NETCore.App\7.0.3\System.Runtime.InteropServices.dll</ModulePath>
      <ModuleTime>2023-01-20T18:13:16Z</ModuleTime>
      <ModuleName>System.Runtime.InteropServices</ModuleName>
      <Classes />
    </Module>
    <Module skippedDueTo="Filter" hash="5A-28-A7-78-56-68-56-B8-A9-A5-78-EA-7E-72-D3-2B-9E-DF-0C-30">
      <ModulePath>C:\Program Files\dotnet\shared\Microsoft.NETCore.App\7.0.3\System.Runtime.InteropServices.dll</ModulePath>
      <ModuleTime>2023-01-20T18:13:16Z</ModuleTime>
      <ModuleName>System.Runtime.InteropServices</ModuleName>
      <Classes />
    </Module>
    <Module skippedDueTo="Filter" hash="5A-28-A7-78-56-68-56-B8-A9-A5-78-EA-7E-72-D3-2B-9E-DF-0C-30">
      <ModulePath>C:\Program Files\dotnet\shared\Microsoft.NETCore.App\7.0.3\System.Runtime.InteropServices.dll</ModulePath>
      <ModuleTime>2023-01-20T18:13:16Z</ModuleTime>
      <ModuleName>System.Runtime.InteropServices</ModuleName>
      <Classes />
    </Module>
    <Module skippedDueTo="Filter" hash="5A-28-A7-78-56-68-56-B8-A9-A5-78-EA-7E-72-D3-2B-9E-DF-0C-30">
      <ModulePath>C:\Program Files\dotnet\shared\Microsoft.NETCore.App\7.0.3\System.Runtime.InteropServices.dll</ModulePath>
      <ModuleTime>2023-01-20T18:13:16Z</ModuleTime>
      <ModuleName>System.Runtime.InteropServices</ModuleName>
      <Classes />
    </Module>
    <Module skippedDueTo="Filter" hash="50-4B-E6-2D-7E-14-E4-D7-6F-8B-26-CD-5C-1E-24-D1-02-DE-9B-1C">
      <ModulePath>C:\Program Files\dotnet\shared\Microsoft.NETCore.App\7.0.3\System.Text.RegularExpressions.dll</ModulePath>
      <ModuleTime>2023-01-20T18:13:20Z</ModuleTime>
      <ModuleName>System.Text.RegularExpressions</ModuleName>
      <Classes />
    </Module>
    <Module skippedDueTo="Filter" hash="50-4B-E6-2D-7E-14-E4-D7-6F-8B-26-CD-5C-1E-24-D1-02-DE-9B-1C">
      <ModulePath>C:\Program Files\dotnet\shared\Microsoft.NETCore.App\7.0.3\System.Text.RegularExpressions.dll</ModulePath>
      <ModuleTime>2023-01-20T18:13:20Z</ModuleTime>
      <ModuleName>System.Text.RegularExpressions</ModuleName>
      <Classes />
    </Module>
    <Module skippedDueTo="Filter" hash="50-4B-E6-2D-7E-14-E4-D7-6F-8B-26-CD-5C-1E-24-D1-02-DE-9B-1C">
      <ModulePath>C:\Program Files\dotnet\shared\Microsoft.NETCore.App\7.0.3\System.Text.RegularExpressions.dll</ModulePath>
      <ModuleTime>2023-01-20T18:13:20Z</ModuleTime>
      <ModuleName>System.Text.RegularExpressions</ModuleName>
      <Classes />
    </Module>
    <Module skippedDueTo="Filter" hash="50-4B-E6-2D-7E-14-E4-D7-6F-8B-26-CD-5C-1E-24-D1-02-DE-9B-1C">
      <ModulePath>C:\Program Files\dotnet\shared\Microsoft.NETCore.App\7.0.3\System.Text.RegularExpressions.dll</ModulePath>
      <ModuleTime>2023-01-20T18:13:20Z</ModuleTime>
      <ModuleName>System.Text.RegularExpressions</ModuleName>
      <Classes />
    </Module>
    <Module skippedDueTo="Filter" hash="50-4B-E6-2D-7E-14-E4-D7-6F-8B-26-CD-5C-1E-24-D1-02-DE-9B-1C">
      <ModulePath>C:\Program Files\dotnet\shared\Microsoft.NETCore.App\7.0.3\System.Text.RegularExpressions.dll</ModulePath>
      <ModuleTime>2023-01-20T18:13:20Z</ModuleTime>
      <ModuleName>System.Text.RegularExpressions</ModuleName>
      <Classes />
    </Module>
    <Module skippedDueTo="Filter" hash="50-4B-E6-2D-7E-14-E4-D7-6F-8B-26-CD-5C-1E-24-D1-02-DE-9B-1C">
      <ModulePath>C:\Program Files\dotnet\shared\Microsoft.NETCore.App\7.0.3\System.Text.RegularExpressions.dll</ModulePath>
      <ModuleTime>2023-01-20T18:13:20Z</ModuleTime>
      <ModuleName>System.Text.RegularExpressions</ModuleName>
      <Classes />
    </Module>
    <Module skippedDueTo="Filter" hash="50-4B-E6-2D-7E-14-E4-D7-6F-8B-26-CD-5C-1E-24-D1-02-DE-9B-1C">
      <ModulePath>C:\Program Files\dotnet\shared\Microsoft.NETCore.App\7.0.3\System.Text.RegularExpressions.dll</ModulePath>
      <ModuleTime>2023-01-20T18:13:20Z</ModuleTime>
      <ModuleName>System.Text.RegularExpressions</ModuleName>
      <Classes />
    </Module>
    <Module skippedDueTo="Filter" hash="19-41-66-B4-97-78-95-AE-8E-60-B2-B6-37-94-07-48-7A-32-3B-98">
      <ModulePath>C:\Program Files\dotnet\shared\Microsoft.NETCore.App\7.0.3\System.Collections.Concurrent.dll</ModulePath>
      <ModuleTime>2023-01-20T18:13:22Z</ModuleTime>
      <ModuleName>System.Collections.Concurrent</ModuleName>
      <Classes />
    </Module>
    <Module skippedDueTo="Filter" hash="19-41-66-B4-97-78-95-AE-8E-60-B2-B6-37-94-07-48-7A-32-3B-98">
      <ModulePath>C:\Program Files\dotnet\shared\Microsoft.NETCore.App\7.0.3\System.Collections.Concurrent.dll</ModulePath>
      <ModuleTime>2023-01-20T18:13:22Z</ModuleTime>
      <ModuleName>System.Collections.Concurrent</ModuleName>
      <Classes />
    </Module>
    <Module skippedDueTo="Filter" hash="19-41-66-B4-97-78-95-AE-8E-60-B2-B6-37-94-07-48-7A-32-3B-98">
      <ModulePath>C:\Program Files\dotnet\shared\Microsoft.NETCore.App\7.0.3\System.Collections.Concurrent.dll</ModulePath>
      <ModuleTime>2023-01-20T18:13:22Z</ModuleTime>
      <ModuleName>System.Collections.Concurrent</ModuleName>
      <Classes />
    </Module>
    <Module skippedDueTo="Filter" hash="19-41-66-B4-97-78-95-AE-8E-60-B2-B6-37-94-07-48-7A-32-3B-98">
      <ModulePath>C:\Program Files\dotnet\shared\Microsoft.NETCore.App\7.0.3\System.Collections.Concurrent.dll</ModulePath>
      <ModuleTime>2023-01-20T18:13:22Z</ModuleTime>
      <ModuleName>System.Collections.Concurrent</ModuleName>
      <Classes />
    </Module>
    <Module skippedDueTo="Filter" hash="19-41-66-B4-97-78-95-AE-8E-60-B2-B6-37-94-07-48-7A-32-3B-98">
      <ModulePath>C:\Program Files\dotnet\shared\Microsoft.NETCore.App\7.0.3\System.Collections.Concurrent.dll</ModulePath>
      <ModuleTime>2023-01-20T18:13:22Z</ModuleTime>
      <ModuleName>System.Collections.Concurrent</ModuleName>
      <Classes />
    </Module>
    <Module skippedDueTo="Filter" hash="19-41-66-B4-97-78-95-AE-8E-60-B2-B6-37-94-07-48-7A-32-3B-98">
      <ModulePath>C:\Program Files\dotnet\shared\Microsoft.NETCore.App\7.0.3\System.Collections.Concurrent.dll</ModulePath>
      <ModuleTime>2023-01-20T18:13:22Z</ModuleTime>
      <ModuleName>System.Collections.Concurrent</ModuleName>
      <Classes />
    </Module>
    <Module skippedDueTo="Filter" hash="19-41-66-B4-97-78-95-AE-8E-60-B2-B6-37-94-07-48-7A-32-3B-98">
      <ModulePath>C:\Program Files\dotnet\shared\Microsoft.NETCore.App\7.0.3\System.Collections.Concurrent.dll</ModulePath>
      <ModuleTime>2023-01-20T18:13:22Z</ModuleTime>
      <ModuleName>System.Collections.Concurrent</ModuleName>
      <Classes />
    </Module>
    <Module skippedDueTo="Filter" hash="CF-55-F3-9C-0A-2C-97-75-8C-8C-8B-FF-C3-C9-15-1F-0E-E4-F8-77">
      <ModulePath>C:\Program Files\dotnet\shared\Microsoft.NETCore.App\7.0.3\System.Memory.dll</ModulePath>
      <ModuleTime>2023-01-20T18:10:42Z</ModuleTime>
      <ModuleName>System.Memory</ModuleName>
      <Classes />
    </Module>
    <Module skippedDueTo="Filter" hash="CF-55-F3-9C-0A-2C-97-75-8C-8C-8B-FF-C3-C9-15-1F-0E-E4-F8-77">
      <ModulePath>C:\Program Files\dotnet\shared\Microsoft.NETCore.App\7.0.3\System.Memory.dll</ModulePath>
      <ModuleTime>2023-01-20T18:10:42Z</ModuleTime>
      <ModuleName>System.Memory</ModuleName>
      <Classes />
    </Module>
    <Module skippedDueTo="Filter" hash="CF-55-F3-9C-0A-2C-97-75-8C-8C-8B-FF-C3-C9-15-1F-0E-E4-F8-77">
      <ModulePath>C:\Program Files\dotnet\shared\Microsoft.NETCore.App\7.0.3\System.Memory.dll</ModulePath>
      <ModuleTime>2023-01-20T18:10:42Z</ModuleTime>
      <ModuleName>System.Memory</ModuleName>
      <Classes />
    </Module>
    <Module skippedDueTo="Filter" hash="CF-55-F3-9C-0A-2C-97-75-8C-8C-8B-FF-C3-C9-15-1F-0E-E4-F8-77">
      <ModulePath>C:\Program Files\dotnet\shared\Microsoft.NETCore.App\7.0.3\System.Memory.dll</ModulePath>
      <ModuleTime>2023-01-20T18:10:42Z</ModuleTime>
      <ModuleName>System.Memory</ModuleName>
      <Classes />
    </Module>
    <Module skippedDueTo="Filter" hash="CF-55-F3-9C-0A-2C-97-75-8C-8C-8B-FF-C3-C9-15-1F-0E-E4-F8-77">
      <ModulePath>C:\Program Files\dotnet\shared\Microsoft.NETCore.App\7.0.3\System.Memory.dll</ModulePath>
      <ModuleTime>2023-01-20T18:10:42Z</ModuleTime>
      <ModuleName>System.Memory</ModuleName>
      <Classes />
    </Module>
    <Module skippedDueTo="Filter" hash="CF-55-F3-9C-0A-2C-97-75-8C-8C-8B-FF-C3-C9-15-1F-0E-E4-F8-77">
      <ModulePath>C:\Program Files\dotnet\shared\Microsoft.NETCore.App\7.0.3\System.Memory.dll</ModulePath>
      <ModuleTime>2023-01-20T18:10:42Z</ModuleTime>
      <ModuleName>System.Memory</ModuleName>
      <Classes />
    </Module>
    <Module skippedDueTo="Filter" hash="CF-55-F3-9C-0A-2C-97-75-8C-8C-8B-FF-C3-C9-15-1F-0E-E4-F8-77">
      <ModulePath>C:\Program Files\dotnet\shared\Microsoft.NETCore.App\7.0.3\System.Memory.dll</ModulePath>
      <ModuleTime>2023-01-20T18:10:42Z</ModuleTime>
      <ModuleName>System.Memory</ModuleName>
      <Classes />
    </Module>
    <Module skippedDueTo="Filter" hash="E9-E5-56-1F-F5-20-4D-FC-BA-4B-46-67-FB-E7-8C-FF-79-5B-2C-38">
      <ModulePath>C:\Program Files\dotnet\shared\Microsoft.NETCore.App\7.0.3\System.Threading.Thread.dll</ModulePath>
      <ModuleTime>2023-01-20T18:10:58Z</ModuleTime>
      <ModuleName>System.Threading.Thread</ModuleName>
      <Classes />
    </Module>
    <Module skippedDueTo="Filter" hash="E9-E5-56-1F-F5-20-4D-FC-BA-4B-46-67-FB-E7-8C-FF-79-5B-2C-38">
      <ModulePath>C:\Program Files\dotnet\shared\Microsoft.NETCore.App\7.0.3\System.Threading.Thread.dll</ModulePath>
      <ModuleTime>2023-01-20T18:10:58Z</ModuleTime>
      <ModuleName>System.Threading.Thread</ModuleName>
      <Classes />
    </Module>
    <Module skippedDueTo="Filter" hash="C0-AA-11-2C-CE-8B-D2-58-24-40-64-4E-AC-AC-CE-CD-94-CA-39-AD">
      <ModulePath>C:\Program Files\dotnet\shared\Microsoft.NETCore.App\7.0.3\System.Text.Encoding.CodePages.dll</ModulePath>
      <ModuleTime>2023-01-20T18:13:16Z</ModuleTime>
      <ModuleName>System.Text.Encoding.CodePages</ModuleName>
      <Classes />
    </Module>
    <Module skippedDueTo="Filter" hash="E9-E5-56-1F-F5-20-4D-FC-BA-4B-46-67-FB-E7-8C-FF-79-5B-2C-38">
      <ModulePath>C:\Program Files\dotnet\shared\Microsoft.NETCore.App\7.0.3\System.Threading.Thread.dll</ModulePath>
      <ModuleTime>2023-01-20T18:10:58Z</ModuleTime>
      <ModuleName>System.Threading.Thread</ModuleName>
      <Classes />
    </Module>
    <Module skippedDueTo="Filter" hash="E9-E5-56-1F-F5-20-4D-FC-BA-4B-46-67-FB-E7-8C-FF-79-5B-2C-38">
      <ModulePath>C:\Program Files\dotnet\shared\Microsoft.NETCore.App\7.0.3\System.Threading.Thread.dll</ModulePath>
      <ModuleTime>2023-01-20T18:10:58Z</ModuleTime>
      <ModuleName>System.Threading.Thread</ModuleName>
      <Classes />
    </Module>
    <Module skippedDueTo="Filter" hash="C0-AA-11-2C-CE-8B-D2-58-24-40-64-4E-AC-AC-CE-CD-94-CA-39-AD">
      <ModulePath>C:\Program Files\dotnet\shared\Microsoft.NETCore.App\7.0.3\System.Text.Encoding.CodePages.dll</ModulePath>
      <ModuleTime>2023-01-20T18:13:16Z</ModuleTime>
      <ModuleName>System.Text.Encoding.CodePages</ModuleName>
      <Classes />
    </Module>
    <Module skippedDueTo="Filter" hash="E9-E5-56-1F-F5-20-4D-FC-BA-4B-46-67-FB-E7-8C-FF-79-5B-2C-38">
      <ModulePath>C:\Program Files\dotnet\shared\Microsoft.NETCore.App\7.0.3\System.Threading.Thread.dll</ModulePath>
      <ModuleTime>2023-01-20T18:10:58Z</ModuleTime>
      <ModuleName>System.Threading.Thread</ModuleName>
      <Classes />
    </Module>
    <Module skippedDueTo="Filter" hash="C0-AA-11-2C-CE-8B-D2-58-24-40-64-4E-AC-AC-CE-CD-94-CA-39-AD">
      <ModulePath>C:\Program Files\dotnet\shared\Microsoft.NETCore.App\7.0.3\System.Text.Encoding.CodePages.dll</ModulePath>
      <ModuleTime>2023-01-20T18:13:16Z</ModuleTime>
      <ModuleName>System.Text.Encoding.CodePages</ModuleName>
      <Classes />
    </Module>
    <Module skippedDueTo="Filter" hash="E9-E5-56-1F-F5-20-4D-FC-BA-4B-46-67-FB-E7-8C-FF-79-5B-2C-38">
      <ModulePath>C:\Program Files\dotnet\shared\Microsoft.NETCore.App\7.0.3\System.Threading.Thread.dll</ModulePath>
      <ModuleTime>2023-01-20T18:10:58Z</ModuleTime>
      <ModuleName>System.Threading.Thread</ModuleName>
[...]
      <ModuleTime>2022-08-25T17:58:28Z</ModuleTime>
      <ModuleName>System.Text.Encoding</ModuleName>
      <Classes />
    </Module>
    <Module skippedDueTo="Filter" hash="12-0B-3B-C4-18-0E-19-98-00-D7-25-25-45-56-FE-48-71-6E-57-41">
      <ModulePath>C:\Program Files\dotnet\shared\Microsoft.NETCore.App\6.0.9\System.Threading.Timer.dll</ModulePath>
      <ModuleTime>2022-08-25T17:58:30Z</ModuleTime>
      <ModuleName>System.Threading.Timer</ModuleName>
      <Classes />
    </Module>
    <Module skippedDueTo="Filter" hash="6B-5F-74-EC-A7-71-F0-CE-BF-A9-4B-81-F5-FE-9C-CA-01-67-4A-01">
      <ModulePath>C:\Program Files\dotnet\shared\Microsoft.NETCore.App\6.0.9\System.Transactions.dll</ModulePath>
      <ModuleTime>2022-08-25T17:57:10Z</ModuleTime>
      <ModuleName>System.Transactions</ModuleName>
      <Classes />
    </Module>
    <Module skippedDueTo="Filter" hash="E3-AF-73-7F-05-69-AF-18-64-BF-F0-43-F8-31-BB-32-C4-00-F5-69">
      <ModulePath>C:\Program Files\dotnet\shared\Microsoft.NETCore.App\6.0.9\System.ValueTuple.dll</ModulePath>
      <ModuleTime>2022-08-25T17:56:52Z</ModuleTime>
      <ModuleName>System.ValueTuple</ModuleName>
      <Classes />
    </Module>
    <Module skippedDueTo="Filter" hash="23-48-CD-30-40-7D-08-FE-38-F7-CE-9F-38-65-17-DA-9A-50-EA-8C">
      <ModulePath>C:\Program Files\dotnet\shared\Microsoft.NETCore.App\6.0.9\System.Web.dll</ModulePath>
      <ModuleTime>2022-08-25T17:57:10Z</ModuleTime>
      <ModuleName>System.Web</ModuleName>
      <Classes />
    </Module>
    <Module skippedDueTo="Filter" hash="66-4B-B0-52-88-BA-FC-32-DB-F2-00-B4-C2-6D-75-AA-B7-59-21-08">
      <ModulePath>C:\Program Files\dotnet\shared\Microsoft.NETCore.App\6.0.9\System.Windows.dll</ModulePath>
      <ModuleTime>2022-08-25T17:57:10Z</ModuleTime>
      <ModuleName>System.Windows</ModuleName>
      <Classes />
    </Module>
    <Module skippedDueTo="Filter" hash="E9-F3-76-23-55-36-FC-71-3E-61-60-FC-F8-3A-5B-39-B1-41-B4-5C">
      <ModulePath>C:\Program Files\dotnet\shared\Microsoft.NETCore.App\6.0.9\System.Xml.dll</ModulePath>
      <ModuleTime>2022-08-25T17:58:30Z</ModuleTime>
      <ModuleName>System.Xml</ModuleName>
      <Classes />
    </Module>
    <Module skippedDueTo="Filter" hash="D3-DB-E4-A3-B7-12-23-1C-62-C2-E9-43-AE-03-66-98-6A-4A-62-14">
      <ModulePath>C:\Program Files\dotnet\shared\Microsoft.NETCore.App\6.0.9\System.Xml.Linq.dll</ModulePath>
      <ModuleTime>2022-08-25T17:57:10Z</ModuleTime>
      <ModuleName>System.Xml.Linq</ModuleName>
      <Classes />
    </Module>
    <Module skippedDueTo="Filter" hash="C0-A2-AA-7B-8D-E1-D9-98-20-EE-54-25-5E-FC-B5-D1-46-FC-76-BD">
      <ModulePath>C:\Program Files\dotnet\shared\Microsoft.NETCore.App\6.0.9\System.Xml.Serialization.dll</ModulePath>
      <ModuleTime>2022-08-25T17:57:10Z</ModuleTime>
      <ModuleName>System.Xml.Serialization</ModuleName>
      <Classes />
    </Module>
    <Module skippedDueTo="Filter" hash="FD-87-AB-19-2F-14-6B-12-CE-B8-40-FD-33-6B-56-4F-8B-4E-9C-AE">
      <ModulePath>C:\Program Files\dotnet\shared\Microsoft.NETCore.App\6.0.9\System.Xml.XmlDocument.dll</ModulePath>
      <ModuleTime>2022-08-25T17:57:12Z</ModuleTime>
      <ModuleName>System.Xml.XmlDocument</ModuleName>
      <Classes />
    </Module>
    <Module skippedDueTo="Filter" hash="20-AF-EF-F6-CD-E0-A8-69-E1-B3-C1-93-2E-B9-82-18-DE-F8-DB-03">
      <ModulePath>C:\Program Files\dotnet\shared\Microsoft.NETCore.App\6.0.9\System.Xml.XmlSerializer.dll</ModulePath>
      <ModuleTime>2022-08-25T17:57:14Z</ModuleTime>
      <ModuleName>System.Xml.XmlSerializer</ModuleName>
      <Classes />
    </Module>
    <Module skippedDueTo="Filter" hash="7A-D0-F3-F2-AF-56-F9-C7-DD-FD-BB-4B-E2-E8-DD-01-DB-99-A7-E8">
      <ModulePath>C:\Program Files\dotnet\shared\Microsoft.NETCore.App\6.0.9\System.Xml.XPath.dll</ModulePath>
      <ModuleTime>2022-08-25T17:57:10Z</ModuleTime>
      <ModuleName>System.Xml.XPath</ModuleName>
      <Classes />
    </Module>
    <Module skippedDueTo="Filter" hash="A2-C6-C2-62-C5-E1-2B-86-97-CB-FB-5B-2A-02-9C-60-6F-6A-27-54">
      <ModulePath>C:\Program Files\dotnet\shared\Microsoft.NETCore.App\6.0.9\WindowsBase.dll</ModulePath>
      <ModuleTime>2022-08-25T18:17:26Z</ModuleTime>
      <ModuleName>WindowsBase</ModuleName>
      <Classes />
    </Module>
    <Module skippedDueTo="Filter" hash="2B-88-41-CA-5E-BC-94-8B-1E-C6-E9-29-AE-A6-93-9B-E8-97-EB-77">
      <ModulePath>C:\Program Files\dotnet\shared\Microsoft.NETCore.App\6.0.9\Microsoft.CSharp.dll</ModulePath>
      <ModuleTime>2022-08-25T17:58:00Z</ModuleTime>
      <ModuleName>Microsoft.CSharp</ModuleName>
      <Classes />
    </Module>
    <Module skippedDueTo="Filter" hash="F1-15-9F-D0-21-C3-AC-C7-82-DB-4C-EA-D8-5C-47-2D-18-C2-E6-93">
      <ModulePath>C:\Program Files\dotnet\shared\Microsoft.NETCore.App\6.0.9\Microsoft.VisualBasic.Core.dll</ModulePath>
      <ModuleTime>2022-08-25T17:58:00Z</ModuleTime>
      <ModuleName>Microsoft.VisualBasic.Core</ModuleName>
      <Classes />
    </Module>
    <Module skippedDueTo="Filter" hash="F2-45-DA-57-84-06-36-81-0A-9C-84-DF-11-C9-F0-8E-12-03-7D-8C">
      <ModulePath>C:\Program Files\dotnet\shared\Microsoft.NETCore.App\6.0.9\System.Security.AccessControl.dll</ModulePath>
      <ModuleTime>2022-08-25T17:58:08Z</ModuleTime>
      <ModuleName>System.Security.AccessControl</ModuleName>
      <Classes />
    </Module>
    <Module skippedDueTo="Filter" hash="E6-D3-53-84-59-69-A3-54-FD-B5-4F-1E-65-BC-8F-BD-D8-A9-15-65">
      <ModulePath>C:\Program Files\dotnet\shared\Microsoft.NETCore.App\6.0.9\System.Security.Principal.Windows.dll</ModulePath>
      <ModuleTime>2022-08-25T17:58:08Z</ModuleTime>
      <ModuleName>System.Security.Principal.Windows</ModuleName>
      <Classes />
    </Module>
    <Module skippedDueTo="Filter" hash="F9-19-C2-A6-F7-EC-3D-F1-8D-E8-77-37-C9-F3-52-31-C2-8B-3F-6B">
      <ModulePath>C:\Program Files\dotnet\shared\Microsoft.NETCore.App\6.0.9\System.Diagnostics.FileVersionInfo.dll</ModulePath>
      <ModuleTime>2022-08-25T17:58:04Z</ModuleTime>
      <ModuleName>System.Diagnostics.FileVersionInfo</ModuleName>
      <Classes />
    </Module>
    <Module skippedDueTo="Filter" hash="B8-ED-54-5E-BC-E8-B9-71-E6-EF-85-B0-74-AB-99-39-A4-67-4D-00">
      <ModulePath>C:\Program Files\dotnet\shared\Microsoft.NETCore.App\6.0.9\System.Diagnostics.StackTrace.dll</ModulePath>
      <ModuleTime>2022-08-25T17:58:02Z</ModuleTime>
      <ModuleName>System.Diagnostics.StackTrace</ModuleName>
      <Classes />
    </Module>
    <Module skippedDueTo="Filter" hash="2A-6A-87-7C-24-45-E1-2D-46-97-CC-96-EF-06-A7-45-E4-ED-A1-B4">
      <ModulePath>C:\Program Files\dotnet\shared\Microsoft.NETCore.App\6.0.9\System.IO.Compression.Brotli.dll</ModulePath>
      <ModuleTime>2022-08-25T17:58:04Z</ModuleTime>
      <ModuleName>System.IO.Compression.Brotli</ModuleName>
      <Classes />
    </Module>
    <Module skippedDueTo="Filter" hash="7C-F7-52-A6-0E-10-C6-77-C5-7F-FD-95-76-FC-59-F8-29-82-93-5B">
      <ModulePath>C:\Program Files\dotnet\shared\Microsoft.NETCore.App\6.0.9\System.IO.Compression.ZipFile.dll</ModulePath>
      <ModuleTime>2022-08-25T17:57:58Z</ModuleTime>
      <ModuleName>System.IO.Compression.ZipFile</ModuleName>
      <Classes />
    </Module>
    <Module skippedDueTo="Filter" hash="6C-6F-C8-84-29-92-78-1C-9A-8F-2A-D3-79-2F-40-34-F8-BC-42-0A">
      <ModulePath>C:\Program Files\dotnet\shared\Microsoft.NETCore.App\6.0.9\System.IO.FileSystem.AccessControl.dll</ModulePath>
      <ModuleTime>2022-08-25T17:57:54Z</ModuleTime>
      <ModuleName>System.IO.FileSystem.AccessControl</ModuleName>
      <Classes />
    </Module>
    <Module skippedDueTo="Filter" hash="2C-23-11-0B-1E-DF-8C-1E-7A-A3-25-12-36-5A-10-71-48-F2-46-79">
      <ModulePath>C:\Program Files\dotnet\shared\Microsoft.NETCore.App\6.0.9\System.IO.FileSystem.DriveInfo.dll</ModulePath>
      <ModuleTime>2022-08-25T17:57:58Z</ModuleTime>
      <ModuleName>System.IO.FileSystem.DriveInfo</ModuleName>
      <Classes />
    </Module>
    <Module skippedDueTo="Filter" hash="C3-8F-D8-65-C0-F4-30-49-1B-CC-68-D7-43-C8-92-26-E9-0C-99-38">
      <ModulePath>C:\Program Files\dotnet\shared\Microsoft.NETCore.App\6.0.9\System.IO.FileSystem.Watcher.dll</ModulePath>
      <ModuleTime>2022-08-25T17:57:54Z</ModuleTime>
      <ModuleName>System.IO.FileSystem.Watcher</ModuleName>
      <Classes />
    </Module>
    <Module skippedDueTo="Filter" hash="F3-80-B2-90-B5-8F-02-FF-06-4C-EB-37-39-9D-6E-DB-FF-7E-6E-55">
      <ModulePath>C:\Program Files\dotnet\shared\Microsoft.NETCore.App\6.0.9\System.IO.IsolatedStorage.dll</ModulePath>
      <ModuleTime>2022-08-25T17:57:58Z</ModuleTime>
      <ModuleName>System.IO.IsolatedStorage</ModuleName>
      <Classes />
    </Module>
    <Module skippedDueTo="Filter" hash="E5-BE-E7-F8-27-F2-5F-CA-FD-9E-00-28-70-0A-C3-08-61-9D-8A-9C">
      <ModulePath>C:\Program Files\dotnet\shared\Microsoft.NETCore.App\6.0.9\System.IO.Pipes.dll</ModulePath>
      <ModuleTime>2022-08-25T17:57:54Z</ModuleTime>
      <ModuleName>System.IO.Pipes</ModuleName>
      <Classes />
    </Module>
    <Module skippedDueTo="Filter" hash="AF-83-25-AD-83-D9-06-43-BD-41-8A-96-6C-AF-41-03-33-C7-25-4C">
      <ModulePath>C:\Program Files\dotnet\shared\Microsoft.NETCore.App\6.0.9\System.Linq.Parallel.dll</ModulePath>
      <ModuleTime>2022-08-25T17:57:54Z</ModuleTime>
      <ModuleName>System.Linq.Parallel</ModuleName>
      <Classes />
    </Module>
    <Module skippedDueTo="Filter" hash="38-99-03-DC-36-5E-65-08-31-3F-50-5D-14-1A-A9-C6-45-84-89-F2">
      <ModulePath>C:\Program Files\dotnet\shared\Microsoft.NETCore.App\6.0.9\System.Linq.Queryable.dll</ModulePath>
      <ModuleTime>2022-08-25T17:57:58Z</ModuleTime>
      <ModuleName>System.Linq.Queryable</ModuleName>
      <Classes />
    </Module>
    <Module skippedDueTo="Filter" hash="B9-32-44-80-C3-C3-84-1C-C8-53-BE-92-AE-32-51-48-EB-59-41-5E">
      <ModulePath>C:\Program Files\dotnet\shared\Microsoft.NETCore.App\6.0.9\System.Net.NameResolution.dll</ModulePath>
      <ModuleTime>2022-08-25T17:58:00Z</ModuleTime>
      <ModuleName>System.Net.NameResolution</ModuleName>
      <Classes />
    </Module>
    <Module skippedDueTo="Filter" hash="05-16-AB-67-92-4B-C6-17-D9-AF-72-CC-62-1D-44-F9-3A-0D-4C-AA">
      <ModulePath>C:\Program Files\dotnet\shared\Microsoft.NETCore.App\6.0.9\System.Net.Http.Json.dll</ModulePath>
      <ModuleTime>2022-08-25T17:57:58Z</ModuleTime>
      <ModuleName>System.Net.Http.Json</ModuleName>
      <Classes />
    </Module>
    <Module skippedDueTo="Filter" hash="20-4C-10-2A-0A-10-F8-CD-12-79-CE-C2-BC-DB-4E-29-FE-68-52-69">
      <ModulePath>C:\Program Files\dotnet\shared\Microsoft.NETCore.App\6.0.9\System.Net.Mail.dll</ModulePath>
      <ModuleTime>2022-08-25T17:58:18Z</ModuleTime>
      <ModuleName>System.Net.Mail</ModuleName>
      <Classes />
    </Module>
    <Module skippedDueTo="Filter" hash="43-40-81-05-7A-17-9E-44-6E-4D-69-3B-25-DC-09-B5-9D-EB-3A-92">
      <ModulePath>C:\Program Files\dotnet\shared\Microsoft.NETCore.App\6.0.9\System.Net.Ping.dll</ModulePath>
      <ModuleTime>2022-08-25T17:58:00Z</ModuleTime>
      <ModuleName>System.Net.Ping</ModuleName>
      <Classes />
    </Module>
    <Module skippedDueTo="Filter" hash="DD-93-5E-24-30-83-76-59-7F-89-05-AE-3D-73-63-31-3D-1E-56-A0">
      <ModulePath>C:\Program Files\dotnet\shared\Microsoft.NETCore.App\6.0.9\System.Net.ServicePoint.dll</ModulePath>
      <ModuleTime>2022-08-25T17:58:00Z</ModuleTime>
      <ModuleName>System.Net.ServicePoint</ModuleName>
      <Classes />
    </Module>
    <Module skippedDueTo="Filter" hash="00-C4-0F-F0-03-90-79-3F-78-4E-E2-54-EA-F8-E0-0E-BA-4F-03-BC">
      <ModulePath>C:\Program Files\dotnet\shared\Microsoft.NETCore.App\6.0.9\System.Net.WebClient.dll</ModulePath>
      <ModuleTime>2022-08-25T17:58:02Z</ModuleTime>
      <ModuleName>System.Net.WebClient</ModuleName>
      <Classes />
    </Module>
    <Module skippedDueTo="Filter" hash="A8-4C-26-ED-8C-E6-9D-56-D3-2D-83-6D-7B-41-91-85-5C-49-C5-F6">
      <ModulePath>C:\Program Files\dotnet\shared\Microsoft.NETCore.App\6.0.9\System.Net.WebHeaderCollection.dll</ModulePath>
      <ModuleTime>2022-08-25T17:58:06Z</ModuleTime>
      <ModuleName>System.Net.WebHeaderCollection</ModuleName>
      <Classes />
    </Module>
    <Module skippedDueTo="Filter" hash="6A-28-92-EE-49-A0-8A-2A-22-CD-A1-ED-BC-3A-09-83-E9-49-D0-F9">
      <ModulePath>C:\Program Files\dotnet\shared\Microsoft.NETCore.App\6.0.9\System.Net.WebProxy.dll</ModulePath>
      <ModuleTime>2022-08-25T17:58:02Z</ModuleTime>
      <ModuleName>System.Net.WebProxy</ModuleName>
      <Classes />
    </Module>
    <Module skippedDueTo="Filter" hash="9B-2B-BA-F7-48-0A-0C-90-5B-94-6B-BD-6B-35-D0-49-27-53-BB-DE">
      <ModulePath>C:\Program Files\dotnet\shared\Microsoft.NETCore.App\6.0.9\System.Net.WebSockets.Client.dll</ModulePath>
      <ModuleTime>2022-08-25T17:58:04Z</ModuleTime>
      <ModuleName>System.Net.WebSockets.Client</ModuleName>
      <Classes />
    </Module>
    <Module skippedDueTo="Filter" hash="BD-1B-9F-DC-A6-70-2A-DE-89-D0-8B-E4-33-11-AD-02-C1-30-8C-F2">
      <ModulePath>C:\Program Files\dotnet\shared\Microsoft.NETCore.App\6.0.9\System.Private.DataContractSerialization.dll</ModulePath>
      <ModuleTime>2022-08-25T17:58:02Z</ModuleTime>
      <ModuleName>System.Private.DataContractSerialization</ModuleName>
      <Classes />
    </Module>
    <Module skippedDueTo="Filter" hash="CF-D1-63-C1-0F-7B-A2-35-39-0B-05-03-44-78-40-2A-29-00-58-9E">
      <ModulePath>C:\Program Files\dotnet\shared\Microsoft.NETCore.App\6.0.9\System.Reflection.DispatchProxy.dll</ModulePath>
      <ModuleTime>2022-08-25T17:58:02Z</ModuleTime>
      <ModuleName>System.Reflection.DispatchProxy</ModuleName>
      <Classes />
    </Module>
    <Module skippedDueTo="Filter" hash="B5-F5-0E-A9-7F-F4-BF-54-4D-8D-2B-61-0C-EE-CD-F7-B3-D5-7D-18">
      <ModulePath>C:\Program Files\dotnet\shared\Microsoft.NETCore.App\6.0.9\System.Reflection.TypeExtensions.dll</ModulePath>
      <ModuleTime>2022-08-25T17:58:06Z</ModuleTime>
      <ModuleName>System.Reflection.TypeExtensions</ModuleName>
      <Classes />
    </Module>
    <Module skippedDueTo="Filter" hash="31-F4-F1-93-93-1B-AF-F0-F4-23-EC-E0-FD-73-D5-88-F9-7E-4A-FC">
      <ModulePath>C:\Program Files\dotnet\shared\Microsoft.NETCore.App\6.0.9\System.Resources.Writer.dll</ModulePath>
      <ModuleTime>2022-08-25T17:58:02Z</ModuleTime>
      <ModuleName>System.Resources.Writer</ModuleName>
      <Classes />
    </Module>
    <Module skippedDueTo="Filter" hash="AA-CD-F3-7E-50-E0-38-68-DA-3F-6A-F3-DC-A7-19-A8-34-07-B6-1E">
      <ModulePath>C:\Program Files\dotnet\shared\Microsoft.NETCore.App\6.0.9\System.Runtime.CompilerServices.VisualC.dll</ModulePath>
      <ModuleTime>2022-08-25T17:58:04Z</ModuleTime>
      <ModuleName>System.Runtime.CompilerServices.VisualC</ModuleName>
      <Classes />
    </Module>
    <Module skippedDueTo="Filter" hash="B3-E7-C0-C4-FA-13-96-F4-87-E1-FB-B5-F2-11-B0-F1-F4-D7-90-12">
      <ModulePath>C:\Program Files\dotnet\shared\Microsoft.NETCore.App\6.0.9\System.Security.Cryptography.Cng.dll</ModulePath>
      <ModuleTime>2022-08-25T17:58:06Z</ModuleTime>
      <ModuleName>System.Security.Cryptography.Cng</ModuleName>
      <Classes />
    </Module>
    <Module skippedDueTo="Filter" hash="FD-29-9D-F1-94-6B-63-B7-AC-9E-AE-29-5F-53-9E-56-02-2D-2A-81">
      <ModulePath>C:\Program Files\dotnet\shared\Microsoft.NETCore.App\6.0.9\System.Security.Cryptography.Csp.dll</ModulePath>
      <ModuleTime>2022-08-25T17:58:10Z</ModuleTime>
      <ModuleName>System.Security.Cryptography.Csp</ModuleName>
      <Classes />
    </Module>
    <Module skippedDueTo="Filter" hash="AB-0D-B6-60-A1-DA-18-C9-58-96-70-21-A1-48-FC-DF-02-C5-2C-47">
      <ModulePath>C:\Program Files\dotnet\shared\Microsoft.NETCore.App\6.0.9\System.Security.Cryptography.OpenSsl.dll</ModulePath>
      <ModuleTime>2022-08-25T17:58:10Z</ModuleTime>
      <ModuleName>System.Security.Cryptography.OpenSsl</ModuleName>
      <Classes />
    </Module>
    <Module skippedDueTo="Filter" hash="0E-81-B5-18-2B-B4-8F-C4-88-0E-50-EC-2E-83-C3-32-58-DA-FD-17">
      <ModulePath>C:\Program Files\dotnet\shared\Microsoft.NETCore.App\6.0.9\System.Text.Encoding.CodePages.dll</ModulePath>
      <ModuleTime>2022-08-25T17:58:10Z</ModuleTime>
      <ModuleName>System.Text.Encoding.CodePages</ModuleName>
      <Classes />
    </Module>
    <Module skippedDueTo="Filter" hash="E3-C8-D2-F9-FF-03-3D-59-4B-D8-D0-90-A0-C7-FD-FE-9E-67-FE-66">
      <ModulePath>C:\Program Files\dotnet\shared\Microsoft.NETCore.App\6.0.9\System.Threading.Channels.dll</ModulePath>
      <ModuleTime>2022-08-25T17:58:12Z</ModuleTime>
      <ModuleName>System.Threading.Channels</ModuleName>
      <Classes />
    </Module>
    <Module skippedDueTo="Filter" hash="69-DB-B8-07-82-E2-A0-66-DB-71-C2-0A-5A-CA-96-33-BD-B2-84-B0">
      <ModulePath>C:\Program Files\dotnet\shared\Microsoft.NETCore.App\6.0.9\System.Threading.Tasks.Dataflow.dll</ModulePath>
      <ModuleTime>2022-08-25T17:58:10Z</ModuleTime>
      <ModuleName>System.Threading.Tasks.Dataflow</ModuleName>
      <Classes />
    </Module>
    <Module skippedDueTo="Filter" hash="38-D8-C5-26-AC-F2-32-C9-BD-FD-4D-53-BE-52-68-98-49-1B-55-7A">
      <ModulePath>C:\Program Files\dotnet\shared\Microsoft.NETCore.App\6.0.9\System.Threading.Tasks.Parallel.dll</ModulePath>
      <ModuleTime>2022-08-25T17:58:10Z</ModuleTime>
      <ModuleName>System.Threading.Tasks.Parallel</ModuleName>
      <Classes />
    </Module>
    <Module skippedDueTo="Filter" hash="F9-AB-70-88-0F-F3-BD-7A-53-62-31-89-32-1F-48-3D-97-72-FD-39">
      <ModulePath>C:\Program Files\dotnet\shared\Microsoft.NETCore.App\6.0.9\System.Web.HttpUtility.dll</ModulePath>
      <ModuleTime>2022-08-25T17:58:32Z</ModuleTime>
      <ModuleName>System.Web.HttpUtility</ModuleName>
      <Classes />
    </Module>
    <Module skippedDueTo="Filter" hash="6A-60-17-D9-48-5A-D2-C4-2B-A2-40-12-75-CB-20-42-4A-35-64-FD">
      <ModulePath>C:\Program Files\dotnet\shared\Microsoft.NETCore.App\6.0.9\System.Xml.XPath.XDocument.dll</ModulePath>
      <ModuleTime>2022-08-25T17:58:12Z</ModuleTime>
      <ModuleName>System.Xml.XPath.XDocument</ModuleName>
      <Classes />
    </Module>
    <Module skippedDueTo="Filter" hash="63-68-68-21-15-05-63-3B-7C-70-DA-F4-00-0B-A8-80-AA-D9-35-DA">
      <ModulePath>C:\GitHub\MicroserviceDemo\CustomerApi\Tests\CustomerApi.Test\bin\Debug\net6.0\xunit.runner.reporters.netcoreapp10.dll</ModulePath>
      <ModuleTime>2022-01-18T17:06:34Z</ModuleTime>
      <ModuleName>xunit.runner.reporters.netcoreapp10</ModuleName>
      <Classes />
    </Module>
    <Module skippedDueTo="Filter" hash="32-2F-FE-7B-C9-9C-46-53-C6-72-8A-01-41-8B-0A-A3-C6-C0-80-7C">
      <ModulePath>C:\GitHub\MicroserviceDemo\CustomerApi\Tests\CustomerApi.Test\bin\Debug\net6.0\xunit.runner.visualstudio.dotnetcore.testadapter.dll</ModulePath>
      <ModuleTime>2022-05-05T16:15:30Z</ModuleTime>
      <ModuleName>xunit.runner.visualstudio.dotnetcore.testadapter</ModuleName>
      <Classes />
    </Module>
    <Module skippedDueTo="Filter" hash="">
      <ModulePath>RefEmit_InMemoryManifestModule</ModulePath>
      <ModuleTime>0001-01-01T00:00:00</ModuleTime>
      <ModuleName>DynamicProxyGenAssembly2</ModuleName>
      <Classes />
    </Module>
    <Module skippedDueTo="Filter" hash="">
      <ModulePath>RefEmit_InMemoryManifestModule</ModulePath>
      <ModuleTime>0001-01-01T00:00:00</ModuleTime>
      <ModuleName>DynamicProxyGenAssembly2</ModuleName>
      <Classes />
    </Module>
    <Module skippedDueTo="Filter" hash="16-16-CE-2A-AA-6E-83-9C-71-CD-BB-D5-72-1A-76-0F-FA-A0-E3-15">
      <ModulePath>C:\Program Files\dotnet\shared\Microsoft.NETCore.App\7.0.3\System.Diagnostics.StackTrace.dll</ModulePath>
      <ModuleTime>2023-01-20T18:12:56Z</ModuleTime>
      <ModuleName>System.Diagnostics.StackTrace</ModuleName>
      <Classes />
    </Module>
  </Modules>
</CoverageSession>